This file contains any messages produced by compilers while
running configure, to aid debugging if configure makes a mistake.

It was created by configure, which was
generated by GNU Autoconf 2.69.  Invocation command line was

  $ ./configure --enable-so --prefix=/usr/local/apache2 --enable-mods-shared=all --enable-proxy --enable-expires --enable-vhost-alias --with-ssl --enable-so --with-pcre=/usr/local/pcre

## --------- ##
## Platform. ##
## --------- ##

hostname = rn-infra-01.indpproj.com.br
uname -m = x86_64
uname -r = 3.10.0-327.el7.x86_64
uname -s = Linux
uname -v = #1 SMP Thu Nov 19 22:10:57 UTC 2015

/usr/bin/uname -p = x86_64
/bin/uname -X     = unknown

/bin/arch              = x86_64
/usr/bin/arch -k       = unknown
/usr/convex/getsysinfo = unknown
/usr/bin/hostinfo      = unknown
/bin/machine           = unknown
/usr/bin/oslevel       = unknown
/bin/universe          = unknown

PATH: /usr/local/sbin
PATH: /usr/local/bin
PATH: /usr/sbin
PATH: /usr/bin
PATH: /usr/java/bin
PATH: /scripts
PATH: /usr/sbin
PATH: /bin
PATH: /sbin
PATH: /usr/local/php/bin/
PATH: /usr/local/apache/bin/
PATH: /root/bin
PATH: /usr/local/apr/bin
PATH: /usr/local/aprutil/bin
PATH: /usr/local/pcre/bin


## ----------- ##
## Core tests. ##
## ----------- ##

configure:3094: checking for chosen layout
configure:3096: result: Apache
configure:3899: checking for working mkdir -p
configure:3915: result: yes
configure:3924: checking for grep that handles long lines and -e
configure:3982: result: /usr/bin/grep
configure:3987: checking for egrep
configure:4049: result: /usr/bin/grep -E
configure:4065: checking build system type
configure:4079: result: x86_64-unknown-linux-gnu
configure:4099: checking host system type
configure:4112: result: x86_64-unknown-linux-gnu
configure:4132: checking target system type
configure:4145: result: x86_64-unknown-linux-gnu
configure:4175: 
configure:4177: Configuring Apache Portable Runtime library...
configure:4179: 
configure:4220: checking for APR
configure:4365: result: yes
configure:4625: 
configure:4627: Configuring Apache Portable Runtime Utility library...
configure:4629: 
configure:4666: checking for APR-util
configure:4745: result: yes
configure:5006: checking for gcc
configure:5033: result: gcc
configure:5262: checking for C compiler version
configure:5271: gcc --version >&5
gcc (GCC) 4.8.5 20150623 (Red Hat 4.8.5-11)
Copyright (C) 2015 Free Software Foundation, Inc.
This is free software; see the source for copying conditions.  There is NO
warranty; not even for MERCHANTABILITY or FITNESS FOR A PARTICULAR PURPOSE.

configure:5282: $? = 0
configure:5271: gcc -v >&5
Using built-in specs.
COLLECT_GCC=gcc
COLLECT_LTO_WRAPPER=/usr/libexec/gcc/x86_64-redhat-linux/4.8.5/lto-wrapper
Target: x86_64-redhat-linux
Configured with: ../configure --prefix=/usr --mandir=/usr/share/man --infodir=/usr/share/info --with-bugurl=http://bugzilla.redhat.com/bugzilla --enable-bootstrap --enable-shared --enable-threads=posix --enable-checking=release --with-system-zlib --enable-__cxa_atexit --disable-libunwind-exceptions --enable-gnu-unique-object --enable-linker-build-id --with-linker-hash-style=gnu --enable-languages=c,c++,objc,obj-c++,java,fortran,ada,go,lto --enable-plugin --enable-initfini-array --disable-libgcj --with-isl=/builddir/build/BUILD/gcc-4.8.5-20150702/obj-x86_64-redhat-linux/isl-install --with-cloog=/builddir/build/BUILD/gcc-4.8.5-20150702/obj-x86_64-redhat-linux/cloog-install --enable-gnu-indirect-function --with-tune=generic --with-arch_32=x86-64 --build=x86_64-redhat-linux
Thread model: posix
gcc version 4.8.5 20150623 (Red Hat 4.8.5-11) (GCC) 
configure:5282: $? = 0
configure:5271: gcc -V >&5
gcc: error: unrecognized command line option '-V'
gcc: fatal error: no input files
compilation terminated.
configure:5282: $? = 4
configure:5271: gcc -qversion >&5
gcc: error: unrecognized command line option '-qversion'
gcc: fatal error: no input files
compilation terminated.
configure:5282: $? = 4
configure:5302: checking whether the C compiler works
configure:5324: gcc   -pthread  -DLINUX -D_REENTRANT -D_GNU_SOURCE   conftest.c  >&5
configure:5328: $? = 0
configure:5376: result: yes
configure:5379: checking for C compiler default output file name
configure:5381: result: a.out
configure:5387: checking for suffix of executables
configure:5394: gcc -o conftest   -pthread  -DLINUX -D_REENTRANT -D_GNU_SOURCE   conftest.c  >&5
configure:5398: $? = 0
configure:5420: result: 
configure:5442: checking whether we are cross compiling
configure:5450: gcc -o conftest   -pthread  -DLINUX -D_REENTRANT -D_GNU_SOURCE   conftest.c  >&5
configure:5454: $? = 0
configure:5461: ./conftest
configure:5465: $? = 0
configure:5480: result: no
configure:5485: checking for suffix of object files
configure:5507: gcc -c   -pthread  -DLINUX -D_REENTRANT -D_GNU_SOURCE conftest.c >&5
configure:5511: $? = 0
configure:5532: result: o
configure:5536: checking whether we are using the GNU C compiler
configure:5555: gcc -c   -pthread  -DLINUX -D_REENTRANT -D_GNU_SOURCE conftest.c >&5
configure:5555: $? = 0
configure:5564: result: yes
configure:5573: checking whether gcc accepts -g
configure:5593: gcc -c -g  -DLINUX -D_REENTRANT -D_GNU_SOURCE conftest.c >&5
configure:5593: $? = 0
configure:5634: result: yes
configure:5651: checking for gcc option to accept ISO C89
configure:5714: gcc  -c   -pthread  -DLINUX -D_REENTRANT -D_GNU_SOURCE conftest.c >&5
configure:5714: $? = 0
configure:5727: result: none needed
configure:5752: checking how to run the C preprocessor
configure:5822: result: gcc -E
configure:5842: gcc -E  -DLINUX -D_REENTRANT -D_GNU_SOURCE conftest.c
configure:5842: $? = 0
configure:5856: gcc -E  -DLINUX -D_REENTRANT -D_GNU_SOURCE conftest.c
conftest.c:9:28: fatal error: ac_nonexistent.h: No such file or directory
 #include <ac_nonexistent.h>
                            ^
compilation terminated.
configure:5856: $? = 1
configure: failed program was:
| /* confdefs.h */
| #define PACKAGE_NAME ""
| #define PACKAGE_TARNAME ""
| #define PACKAGE_VERSION ""
| #define PACKAGE_STRING ""
| #define PACKAGE_BUGREPORT ""
| #define PACKAGE_URL ""
| /* end confdefs.h.  */
| #include <ac_nonexistent.h>
configure:5885: checking for gcc option to accept ISO C99
configure:6034: gcc  -c   -pthread  -DLINUX -D_REENTRANT -D_GNU_SOURCE conftest.c >&5
conftest.c:59:29: error: expected ';', ',' or ')' before 'text'
 test_restrict (ccp restrict text)
                             ^
conftest.c: In function 'main':
conftest.c:113:18: error: expected '=', ',', ';', 'asm' or '__attribute__' before 'newvar'
   char *restrict newvar = "Another string";
                  ^
conftest.c:113:18: error: 'newvar' undeclared (first use in this function)
conftest.c:113:18: note: each undeclared identifier is reported only once for each function it appears in
conftest.c:123:3: error: 'for' loop initial declarations are only allowed in C99 mode
   for (int i = 0; i < ia->datasize; ++i)
   ^
conftest.c:123:3: note: use option -std=c99 or -std=gnu99 to compile your code
configure:6034: $? = 1
configure: failed program was:
| /* confdefs.h */
| #define PACKAGE_NAME ""
| #define PACKAGE_TARNAME ""
| #define PACKAGE_VERSION ""
| #define PACKAGE_STRING ""
| #define PACKAGE_BUGREPORT ""
| #define PACKAGE_URL ""
| /* end confdefs.h.  */
| #include <stdarg.h>
| #include <stdbool.h>
| #include <stdlib.h>
| #include <wchar.h>
| #include <stdio.h>
| 
| // Check varargs macros.  These examples are taken from C99 6.10.3.5.
| #define debug(...) fprintf (stderr, __VA_ARGS__)
| #define showlist(...) puts (#__VA_ARGS__)
| #define report(test,...) ((test) ? puts (#test) : printf (__VA_ARGS__))
| static void
| test_varargs_macros (void)
| {
|   int x = 1234;
|   int y = 5678;
|   debug ("Flag");
|   debug ("X = %d\n", x);
|   showlist (The first, second, and third items.);
|   report (x>y, "x is %d but y is %d", x, y);
| }
| 
| // Check long long types.
| #define BIG64 18446744073709551615ull
| #define BIG32 4294967295ul
| #define BIG_OK (BIG64 / BIG32 == 4294967297ull && BIG64 % BIG32 == 0)
| #if !BIG_OK
|   your preprocessor is broken;
| #endif
| #if BIG_OK
| #else
|   your preprocessor is broken;
| #endif
| static long long int bignum = -9223372036854775807LL;
| static unsigned long long int ubignum = BIG64;
| 
| struct incomplete_array
| {
|   int datasize;
|   double data[];
| };
| 
| struct named_init {
|   int number;
|   const wchar_t *name;
|   double average;
| };
| 
| typedef const char *ccp;
| 
| static inline int
| test_restrict (ccp restrict text)
| {
|   // See if C++-style comments work.
|   // Iterate through items via the restricted pointer.
|   // Also check for declarations in for loops.
|   for (unsigned int i = 0; *(text+i) != '\0'; ++i)
|     continue;
|   return 0;
| }
| 
| // Check varargs and va_copy.
| static void
| test_varargs (const char *format, ...)
| {
|   va_list args;
|   va_start (args, format);
|   va_list args_copy;
|   va_copy (args_copy, args);
| 
|   const char *str;
|   int number;
|   float fnumber;
| 
|   while (*format)
|     {
|       switch (*format++)
| 	{
| 	case 's': // string
| 	  str = va_arg (args_copy, const char *);
| 	  break;
| 	case 'd': // int
| 	  number = va_arg (args_copy, int);
| 	  break;
| 	case 'f': // float
| 	  fnumber = va_arg (args_copy, double);
| 	  break;
| 	default:
| 	  break;
| 	}
|     }
|   va_end (args_copy);
|   va_end (args);
| }
| 
| int
| main ()
| {
| 
|   // Check bool.
|   _Bool success = false;
| 
|   // Check restrict.
|   if (test_restrict ("String literal") == 0)
|     success = true;
|   char *restrict newvar = "Another string";
| 
|   // Check varargs.
|   test_varargs ("s, d' f .", "string", 65, 34.234);
|   test_varargs_macros ();
| 
|   // Check flexible array members.
|   struct incomplete_array *ia =
|     malloc (sizeof (struct incomplete_array) + (sizeof (double) * 10));
|   ia->datasize = 10;
|   for (int i = 0; i < ia->datasize; ++i)
|     ia->data[i] = i * 1.234;
| 
|   // Check named initializers.
|   struct named_init ni = {
|     .number = 34,
|     .name = L"Test wide string",
|     .average = 543.34343,
|   };
| 
|   ni.number = 58;
| 
|   int dynamic_array[ni.number];
|   dynamic_array[ni.number - 1] = 543;
| 
|   // work around unused variable warnings
|   return (!success || bignum == 0LL || ubignum == 0uLL || newvar[0] == 'x'
| 	  || dynamic_array[ni.number - 1] != 543);
| 
|   ;
|   return 0;
| }
configure:6034: gcc -std=gnu99 -c   -pthread  -DLINUX -D_REENTRANT -D_GNU_SOURCE conftest.c >&5
configure:6034: $? = 0
configure:6054: result: -std=gnu99
configure:6078: checking for pcre-config
configure:6096: found /usr/local/bin/pcre-config
configure:6109: result: /usr/local/bin/pcre-config
configure:6132: Using external PCRE library from /usr/local/pcre/bin/pcre-config
configure:6184: 
configure:6186: Configuring Apache httpd...
configure:6188: 
configure:6328: 
configure:6330: Applying OS-specific hints for httpd...
configure:6332: 
configure:6498: checking for rm
configure:6516: found /usr/bin/rm
configure:6528: result: /usr/bin/rm
configure:6538: checking for pkg-config
configure:6556: found /usr/bin/pkg-config
configure:6568: result: /usr/bin/pkg-config
configure:6578: checking for rsync
configure:6596: found /usr/bin/rsync
configure:6608: result: /usr/bin/rsync
configure:6620: checking for gawk
configure:6636: found /usr/bin/gawk
configure:6647: result: gawk
configure:6658: checking whether ln -s works
configure:6662: result: yes
configure:6712: checking for ranlib
configure:6728: found /usr/bin/ranlib
configure:6739: result: ranlib
configure:6765: checking for lynx
configure:6795: result: no
configure:6765: checking for links
configure:6795: result: no
configure:6765: checking for elinks
configure:6795: result: no
configure:6820: checking for ANSI C header files
configure:6840: gcc -std=gnu99 -c   -pthread  -DLINUX -D_REENTRANT -D_GNU_SOURCE conftest.c >&5
configure:6840: $? = 0
configure:6913: gcc -std=gnu99 -o conftest   -pthread  -DLINUX -D_REENTRANT -D_GNU_SOURCE   conftest.c  >&5
configure:6913: $? = 0
configure:6913: ./conftest
configure:6913: $? = 0
configure:6924: result: yes
configure:6937: checking for sys/types.h
configure:6937: gcc -std=gnu99 -c   -pthread  -DLINUX -D_REENTRANT -D_GNU_SOURCE conftest.c >&5
configure:6937: $? = 0
configure:6937: result: yes
configure:6937: checking for sys/stat.h
configure:6937: gcc -std=gnu99 -c   -pthread  -DLINUX -D_REENTRANT -D_GNU_SOURCE conftest.c >&5
configure:6937: $? = 0
configure:6937: result: yes
configure:6937: checking for stdlib.h
configure:6937: gcc -std=gnu99 -c   -pthread  -DLINUX -D_REENTRANT -D_GNU_SOURCE conftest.c >&5
configure:6937: $? = 0
configure:6937: result: yes
configure:6937: checking for string.h
configure:6937: gcc -std=gnu99 -c   -pthread  -DLINUX -D_REENTRANT -D_GNU_SOURCE conftest.c >&5
configure:6937: $? = 0
configure:6937: result: yes
configure:6937: checking for memory.h
configure:6937: gcc -std=gnu99 -c   -pthread  -DLINUX -D_REENTRANT -D_GNU_SOURCE conftest.c >&5
configure:6937: $? = 0
configure:6937: result: yes
configure:6937: checking for strings.h
configure:6937: gcc -std=gnu99 -c   -pthread  -DLINUX -D_REENTRANT -D_GNU_SOURCE conftest.c >&5
configure:6937: $? = 0
configure:6937: result: yes
configure:6937: checking for inttypes.h
configure:6937: gcc -std=gnu99 -c   -pthread  -DLINUX -D_REENTRANT -D_GNU_SOURCE conftest.c >&5
configure:6937: $? = 0
configure:6937: result: yes
configure:6937: checking for stdint.h
configure:6937: gcc -std=gnu99 -c   -pthread  -DLINUX -D_REENTRANT -D_GNU_SOURCE conftest.c >&5
configure:6937: $? = 0
configure:6937: result: yes
configure:6937: checking for unistd.h
configure:6937: gcc -std=gnu99 -c   -pthread  -DLINUX -D_REENTRANT -D_GNU_SOURCE conftest.c >&5
configure:6937: $? = 0
configure:6937: result: yes
configure:6950: checking minix/config.h usability
configure:6950: gcc -std=gnu99 -c   -pthread  -DLINUX -D_REENTRANT -D_GNU_SOURCE conftest.c >&5
conftest.c:52:26: fatal error: minix/config.h: No such file or directory
 #include <minix/config.h>
                          ^
compilation terminated.
configure:6950: $? = 1
configure: failed program was:
| /* confdefs.h */
| #define PACKAGE_NAME ""
| #define PACKAGE_TARNAME ""
| #define PACKAGE_VERSION ""
| #define PACKAGE_STRING ""
| #define PACKAGE_BUGREPORT ""
| #define PACKAGE_URL ""
| #define STDC_HEADERS 1
| #define HAVE_SYS_TYPES_H 1
| #define HAVE_SYS_STAT_H 1
| #define HAVE_STDLIB_H 1
| #define HAVE_STRING_H 1
| #define HAVE_MEMORY_H 1
| #define HAVE_STRINGS_H 1
| #define HAVE_INTTYPES_H 1
| #define HAVE_STDINT_H 1
| #define HAVE_UNISTD_H 1
| /* end confdefs.h.  */
| #include <stdio.h>
| #ifdef HAVE_SYS_TYPES_H
| # include <sys/types.h>
| #endif
| #ifdef HAVE_SYS_STAT_H
| # include <sys/stat.h>
| #endif
| #ifdef STDC_HEADERS
| # include <stdlib.h>
| # include <stddef.h>
| #else
| # ifdef HAVE_STDLIB_H
| #  include <stdlib.h>
| # endif
| #endif
| #ifdef HAVE_STRING_H
| # if !defined STDC_HEADERS && defined HAVE_MEMORY_H
| #  include <memory.h>
| # endif
| # include <string.h>
| #endif
| #ifdef HAVE_STRINGS_H
| # include <strings.h>
| #endif
| #ifdef HAVE_INTTYPES_H
| # include <inttypes.h>
| #endif
| #ifdef HAVE_STDINT_H
| # include <stdint.h>
| #endif
| #ifdef HAVE_UNISTD_H
| # include <unistd.h>
| #endif
| #include <minix/config.h>
configure:6950: result: no
configure:6950: checking minix/config.h presence
configure:6950: gcc -E  -DLINUX -D_REENTRANT -D_GNU_SOURCE conftest.c
conftest.c:19:26: fatal error: minix/config.h: No such file or directory
 #include <minix/config.h>
                          ^
compilation terminated.
configure:6950: $? = 1
configure: failed program was:
| /* confdefs.h */
| #define PACKAGE_NAME ""
| #define PACKAGE_TARNAME ""
| #define PACKAGE_VERSION ""
| #define PACKAGE_STRING ""
| #define PACKAGE_BUGREPORT ""
| #define PACKAGE_URL ""
| #define STDC_HEADERS 1
| #define HAVE_SYS_TYPES_H 1
| #define HAVE_SYS_STAT_H 1
| #define HAVE_STDLIB_H 1
| #define HAVE_STRING_H 1
| #define HAVE_MEMORY_H 1
| #define HAVE_STRINGS_H 1
| #define HAVE_INTTYPES_H 1
| #define HAVE_STDINT_H 1
| #define HAVE_UNISTD_H 1
| /* end confdefs.h.  */
| #include <minix/config.h>
configure:6950: result: no
configure:6950: checking for minix/config.h
configure:6950: result: no
configure:6971: checking whether it is safe to define __EXTENSIONS__
configure:6989: gcc -std=gnu99 -c   -pthread  -DLINUX -D_REENTRANT -D_GNU_SOURCE conftest.c >&5
configure:6989: $? = 0
configure:6996: result: yes
configure:7012: checking for library containing strerror
configure:7043: gcc -std=gnu99 -o conftest   -pthread  -DLINUX -D_REENTRANT -D_GNU_SOURCE   conftest.c  >&5
configure:7043: $? = 0
configure:7060: result: none required
configure:7082: checking for APR version 1.3.0 or later
configure:7106: result: yes
configure:7139: checking for APR-util version 1.3.0 or later
configure:7163: result: yes
configure:7265: checking for ANSI C header files
configure:7369: result: yes
configure:7393: checking for string.h
configure:7393: result: yes
configure:7393: checking limits.h usability
configure:7393: gcc -std=gnu99 -c   -pthread  -DLINUX -D_REENTRANT -D_GNU_SOURCE conftest.c >&5
configure:7393: $? = 0
configure:7393: result: yes
configure:7393: checking limits.h presence
configure:7393: gcc -E  -DLINUX -D_REENTRANT -D_GNU_SOURCE conftest.c
configure:7393: $? = 0
configure:7393: result: yes
configure:7393: checking for limits.h
configure:7393: result: yes
configure:7393: checking for unistd.h
configure:7393: result: yes
configure:7393: checking sys/socket.h usability
configure:7393: gcc -std=gnu99 -c   -pthread  -DLINUX -D_REENTRANT -D_GNU_SOURCE conftest.c >&5
configure:7393: $? = 0
configure:7393: result: yes
configure:7393: checking sys/socket.h presence
configure:7393: gcc -E  -DLINUX -D_REENTRANT -D_GNU_SOURCE conftest.c
configure:7393: $? = 0
configure:7393: result: yes
configure:7393: checking for sys/socket.h
configure:7393: result: yes
configure:7393: checking pwd.h usability
configure:7393: gcc -std=gnu99 -c   -pthread  -DLINUX -D_REENTRANT -D_GNU_SOURCE conftest.c >&5
configure:7393: $? = 0
configure:7393: result: yes
configure:7393: checking pwd.h presence
configure:7393: gcc -E  -DLINUX -D_REENTRANT -D_GNU_SOURCE conftest.c
configure:7393: $? = 0
configure:7393: result: yes
configure:7393: checking for pwd.h
configure:7393: result: yes
configure:7393: checking grp.h usability
configure:7393: gcc -std=gnu99 -c   -pthread  -DLINUX -D_REENTRANT -D_GNU_SOURCE conftest.c >&5
configure:7393: $? = 0
configure:7393: result: yes
configure:7393: checking grp.h presence
configure:7393: gcc -E  -DLINUX -D_REENTRANT -D_GNU_SOURCE conftest.c
configure:7393: $? = 0
configure:7393: result: yes
configure:7393: checking for grp.h
configure:7393: result: yes
configure:7393: checking for strings.h
configure:7393: result: yes
configure:7393: checking sys/prctl.h usability
configure:7393: gcc -std=gnu99 -c   -pthread  -DLINUX -D_REENTRANT -D_GNU_SOURCE conftest.c >&5
configure:7393: $? = 0
configure:7393: result: yes
configure:7393: checking sys/prctl.h presence
configure:7393: gcc -E  -DLINUX -D_REENTRANT -D_GNU_SOURCE conftest.c
configure:7393: $? = 0
configure:7393: result: yes
configure:7393: checking for sys/prctl.h
configure:7393: result: yes
configure:7393: checking sys/processor.h usability
configure:7393: gcc -std=gnu99 -c   -pthread  -DLINUX -D_REENTRANT -D_GNU_SOURCE conftest.c >&5
conftest.c:66:27: fatal error: sys/processor.h: No such file or directory
 #include <sys/processor.h>
                           ^
compilation terminated.
configure:7393: $? = 1
configure: failed program was:
| /* confdefs.h */
| #define PACKAGE_NAME ""
| #define PACKAGE_TARNAME ""
| #define PACKAGE_VERSION ""
| #define PACKAGE_STRING ""
| #define PACKAGE_BUGREPORT ""
| #define PACKAGE_URL ""
| #define STDC_HEADERS 1
| #define HAVE_SYS_TYPES_H 1
| #define HAVE_SYS_STAT_H 1
| #define HAVE_STDLIB_H 1
| #define HAVE_STRING_H 1
| #define HAVE_MEMORY_H 1
| #define HAVE_STRINGS_H 1
| #define HAVE_INTTYPES_H 1
| #define HAVE_STDINT_H 1
| #define HAVE_UNISTD_H 1
| #define __EXTENSIONS__ 1
| #define _ALL_SOURCE 1
| #define _GNU_SOURCE 1
| #define _POSIX_PTHREAD_SEMANTICS 1
| #define _TANDEM_SOURCE 1
| #define STDC_HEADERS 1
| #define HAVE_STRING_H 1
| #define HAVE_LIMITS_H 1
| #define HAVE_UNISTD_H 1
| #define HAVE_SYS_SOCKET_H 1
| #define HAVE_PWD_H 1
| #define HAVE_GRP_H 1
| #define HAVE_STRINGS_H 1
| #define HAVE_SYS_PRCTL_H 1
| /* end confdefs.h.  */
| #include <stdio.h>
| #ifdef HAVE_SYS_TYPES_H
| # include <sys/types.h>
| #endif
| #ifdef HAVE_SYS_STAT_H
| # include <sys/stat.h>
| #endif
| #ifdef STDC_HEADERS
| # include <stdlib.h>
| # include <stddef.h>
| #else
| # ifdef HAVE_STDLIB_H
| #  include <stdlib.h>
| # endif
| #endif
| #ifdef HAVE_STRING_H
| # if !defined STDC_HEADERS && defined HAVE_MEMORY_H
| #  include <memory.h>
| # endif
| # include <string.h>
| #endif
| #ifdef HAVE_STRINGS_H
| # include <strings.h>
| #endif
| #ifdef HAVE_INTTYPES_H
| # include <inttypes.h>
| #endif
| #ifdef HAVE_STDINT_H
| # include <stdint.h>
| #endif
| #ifdef HAVE_UNISTD_H
| # include <unistd.h>
| #endif
| #include <sys/processor.h>
configure:7393: result: no
configure:7393: checking sys/processor.h presence
configure:7393: gcc -E  -DLINUX -D_REENTRANT -D_GNU_SOURCE conftest.c
conftest.c:33:27: fatal error: sys/processor.h: No such file or directory
 #include <sys/processor.h>
                           ^
compilation terminated.
configure:7393: $? = 1
configure: failed program was:
| /* confdefs.h */
| #define PACKAGE_NAME ""
| #define PACKAGE_TARNAME ""
| #define PACKAGE_VERSION ""
| #define PACKAGE_STRING ""
| #define PACKAGE_BUGREPORT ""
| #define PACKAGE_URL ""
| #define STDC_HEADERS 1
| #define HAVE_SYS_TYPES_H 1
| #define HAVE_SYS_STAT_H 1
| #define HAVE_STDLIB_H 1
| #define HAVE_STRING_H 1
| #define HAVE_MEMORY_H 1
| #define HAVE_STRINGS_H 1
| #define HAVE_INTTYPES_H 1
| #define HAVE_STDINT_H 1
| #define HAVE_UNISTD_H 1
| #define __EXTENSIONS__ 1
| #define _ALL_SOURCE 1
| #define _GNU_SOURCE 1
| #define _POSIX_PTHREAD_SEMANTICS 1
| #define _TANDEM_SOURCE 1
| #define STDC_HEADERS 1
| #define HAVE_STRING_H 1
| #define HAVE_LIMITS_H 1
| #define HAVE_UNISTD_H 1
| #define HAVE_SYS_SOCKET_H 1
| #define HAVE_PWD_H 1
| #define HAVE_GRP_H 1
| #define HAVE_STRINGS_H 1
| #define HAVE_SYS_PRCTL_H 1
| /* end confdefs.h.  */
| #include <sys/processor.h>
configure:7393: result: no
configure:7393: checking for sys/processor.h
configure:7393: result: no
configure:7393: checking sys/sem.h usability
configure:7393: gcc -std=gnu99 -c   -pthread  -DLINUX -D_REENTRANT -D_GNU_SOURCE conftest.c >&5
configure:7393: $? = 0
configure:7393: result: yes
configure:7393: checking sys/sem.h presence
configure:7393: gcc -E  -DLINUX -D_REENTRANT -D_GNU_SOURCE conftest.c
configure:7393: $? = 0
configure:7393: result: yes
configure:7393: checking for sys/sem.h
configure:7393: result: yes
configure:7393: checking sys/sdt.h usability
configure:7393: gcc -std=gnu99 -c   -pthread  -DLINUX -D_REENTRANT -D_GNU_SOURCE conftest.c >&5
conftest.c:67:21: fatal error: sys/sdt.h: No such file or directory
 #include <sys/sdt.h>
                     ^
compilation terminated.
configure:7393: $? = 1
configure: failed program was:
| /* confdefs.h */
| #define PACKAGE_NAME ""
| #define PACKAGE_TARNAME ""
| #define PACKAGE_VERSION ""
| #define PACKAGE_STRING ""
| #define PACKAGE_BUGREPORT ""
| #define PACKAGE_URL ""
| #define STDC_HEADERS 1
| #define HAVE_SYS_TYPES_H 1
| #define HAVE_SYS_STAT_H 1
| #define HAVE_STDLIB_H 1
| #define HAVE_STRING_H 1
| #define HAVE_MEMORY_H 1
| #define HAVE_STRINGS_H 1
| #define HAVE_INTTYPES_H 1
| #define HAVE_STDINT_H 1
| #define HAVE_UNISTD_H 1
| #define __EXTENSIONS__ 1
| #define _ALL_SOURCE 1
| #define _GNU_SOURCE 1
| #define _POSIX_PTHREAD_SEMANTICS 1
| #define _TANDEM_SOURCE 1
| #define STDC_HEADERS 1
| #define HAVE_STRING_H 1
| #define HAVE_LIMITS_H 1
| #define HAVE_UNISTD_H 1
| #define HAVE_SYS_SOCKET_H 1
| #define HAVE_PWD_H 1
| #define HAVE_GRP_H 1
| #define HAVE_STRINGS_H 1
| #define HAVE_SYS_PRCTL_H 1
| #define HAVE_SYS_SEM_H 1
| /* end confdefs.h.  */
| #include <stdio.h>
| #ifdef HAVE_SYS_TYPES_H
| # include <sys/types.h>
| #endif
| #ifdef HAVE_SYS_STAT_H
| # include <sys/stat.h>
| #endif
| #ifdef STDC_HEADERS
| # include <stdlib.h>
| # include <stddef.h>
| #else
| # ifdef HAVE_STDLIB_H
| #  include <stdlib.h>
| # endif
| #endif
| #ifdef HAVE_STRING_H
| # if !defined STDC_HEADERS && defined HAVE_MEMORY_H
| #  include <memory.h>
| # endif
| # include <string.h>
| #endif
| #ifdef HAVE_STRINGS_H
| # include <strings.h>
| #endif
| #ifdef HAVE_INTTYPES_H
| # include <inttypes.h>
| #endif
| #ifdef HAVE_STDINT_H
| # include <stdint.h>
| #endif
| #ifdef HAVE_UNISTD_H
| # include <unistd.h>
| #endif
| #include <sys/sdt.h>
configure:7393: result: no
configure:7393: checking sys/sdt.h presence
configure:7393: gcc -E  -DLINUX -D_REENTRANT -D_GNU_SOURCE conftest.c
conftest.c:34:21: fatal error: sys/sdt.h: No such file or directory
 #include <sys/sdt.h>
                     ^
compilation terminated.
configure:7393: $? = 1
configure: failed program was:
| /* confdefs.h */
| #define PACKAGE_NAME ""
| #define PACKAGE_TARNAME ""
| #define PACKAGE_VERSION ""
| #define PACKAGE_STRING ""
| #define PACKAGE_BUGREPORT ""
| #define PACKAGE_URL ""
| #define STDC_HEADERS 1
| #define HAVE_SYS_TYPES_H 1
| #define HAVE_SYS_STAT_H 1
| #define HAVE_STDLIB_H 1
| #define HAVE_STRING_H 1
| #define HAVE_MEMORY_H 1
| #define HAVE_STRINGS_H 1
| #define HAVE_INTTYPES_H 1
| #define HAVE_STDINT_H 1
| #define HAVE_UNISTD_H 1
| #define __EXTENSIONS__ 1
| #define _ALL_SOURCE 1
| #define _GNU_SOURCE 1
| #define _POSIX_PTHREAD_SEMANTICS 1
| #define _TANDEM_SOURCE 1
| #define STDC_HEADERS 1
| #define HAVE_STRING_H 1
| #define HAVE_LIMITS_H 1
| #define HAVE_UNISTD_H 1
| #define HAVE_SYS_SOCKET_H 1
| #define HAVE_PWD_H 1
| #define HAVE_GRP_H 1
| #define HAVE_STRINGS_H 1
| #define HAVE_SYS_PRCTL_H 1
| #define HAVE_SYS_SEM_H 1
| /* end confdefs.h.  */
| #include <sys/sdt.h>
configure:7393: result: no
configure:7393: checking for sys/sdt.h
configure:7393: result: no
configure:7393: checking sys/loadavg.h usability
configure:7393: gcc -std=gnu99 -c   -pthread  -DLINUX -D_REENTRANT -D_GNU_SOURCE conftest.c >&5
conftest.c:67:25: fatal error: sys/loadavg.h: No such file or directory
 #include <sys/loadavg.h>
                         ^
compilation terminated.
configure:7393: $? = 1
configure: failed program was:
| /* confdefs.h */
| #define PACKAGE_NAME ""
| #define PACKAGE_TARNAME ""
| #define PACKAGE_VERSION ""
| #define PACKAGE_STRING ""
| #define PACKAGE_BUGREPORT ""
| #define PACKAGE_URL ""
| #define STDC_HEADERS 1
| #define HAVE_SYS_TYPES_H 1
| #define HAVE_SYS_STAT_H 1
| #define HAVE_STDLIB_H 1
| #define HAVE_STRING_H 1
| #define HAVE_MEMORY_H 1
| #define HAVE_STRINGS_H 1
| #define HAVE_INTTYPES_H 1
| #define HAVE_STDINT_H 1
| #define HAVE_UNISTD_H 1
| #define __EXTENSIONS__ 1
| #define _ALL_SOURCE 1
| #define _GNU_SOURCE 1
| #define _POSIX_PTHREAD_SEMANTICS 1
| #define _TANDEM_SOURCE 1
| #define STDC_HEADERS 1
| #define HAVE_STRING_H 1
| #define HAVE_LIMITS_H 1
| #define HAVE_UNISTD_H 1
| #define HAVE_SYS_SOCKET_H 1
| #define HAVE_PWD_H 1
| #define HAVE_GRP_H 1
| #define HAVE_STRINGS_H 1
| #define HAVE_SYS_PRCTL_H 1
| #define HAVE_SYS_SEM_H 1
| /* end confdefs.h.  */
| #include <stdio.h>
| #ifdef HAVE_SYS_TYPES_H
| # include <sys/types.h>
| #endif
| #ifdef HAVE_SYS_STAT_H
| # include <sys/stat.h>
| #endif
| #ifdef STDC_HEADERS
| # include <stdlib.h>
| # include <stddef.h>
| #else
| # ifdef HAVE_STDLIB_H
| #  include <stdlib.h>
| # endif
| #endif
| #ifdef HAVE_STRING_H
| # if !defined STDC_HEADERS && defined HAVE_MEMORY_H
| #  include <memory.h>
| # endif
| # include <string.h>
| #endif
| #ifdef HAVE_STRINGS_H
| # include <strings.h>
| #endif
| #ifdef HAVE_INTTYPES_H
| # include <inttypes.h>
| #endif
| #ifdef HAVE_STDINT_H
| # include <stdint.h>
| #endif
| #ifdef HAVE_UNISTD_H
| # include <unistd.h>
| #endif
| #include <sys/loadavg.h>
configure:7393: result: no
configure:7393: checking sys/loadavg.h presence
configure:7393: gcc -E  -DLINUX -D_REENTRANT -D_GNU_SOURCE conftest.c
conftest.c:34:25: fatal error: sys/loadavg.h: No such file or directory
 #include <sys/loadavg.h>
                         ^
compilation terminated.
configure:7393: $? = 1
configure: failed program was:
| /* confdefs.h */
| #define PACKAGE_NAME ""
| #define PACKAGE_TARNAME ""
| #define PACKAGE_VERSION ""
| #define PACKAGE_STRING ""
| #define PACKAGE_BUGREPORT ""
| #define PACKAGE_URL ""
| #define STDC_HEADERS 1
| #define HAVE_SYS_TYPES_H 1
| #define HAVE_SYS_STAT_H 1
| #define HAVE_STDLIB_H 1
| #define HAVE_STRING_H 1
| #define HAVE_MEMORY_H 1
| #define HAVE_STRINGS_H 1
| #define HAVE_INTTYPES_H 1
| #define HAVE_STDINT_H 1
| #define HAVE_UNISTD_H 1
| #define __EXTENSIONS__ 1
| #define _ALL_SOURCE 1
| #define _GNU_SOURCE 1
| #define _POSIX_PTHREAD_SEMANTICS 1
| #define _TANDEM_SOURCE 1
| #define STDC_HEADERS 1
| #define HAVE_STRING_H 1
| #define HAVE_LIMITS_H 1
| #define HAVE_UNISTD_H 1
| #define HAVE_SYS_SOCKET_H 1
| #define HAVE_PWD_H 1
| #define HAVE_GRP_H 1
| #define HAVE_STRINGS_H 1
| #define HAVE_SYS_PRCTL_H 1
| #define HAVE_SYS_SEM_H 1
| /* end confdefs.h.  */
| #include <sys/loadavg.h>
configure:7393: result: no
configure:7393: checking for sys/loadavg.h
configure:7393: result: no
configure:7403: checking for sys/wait.h that is POSIX.1 compatible
configure:7429: gcc -std=gnu99 -c   -pthread  -DLINUX -D_REENTRANT -D_GNU_SOURCE conftest.c >&5
configure:7429: $? = 0
configure:7436: result: yes
configure:7446: checking for an ANSI C-conforming const
configure:7512: gcc -std=gnu99 -c   -pthread  -DLINUX -D_REENTRANT -D_GNU_SOURCE conftest.c >&5
configure:7512: $? = 0
configure:7519: result: yes
configure:7530: checking for library containing sqrt
configure:7561: gcc -std=gnu99 -o conftest   -pthread  -DLINUX -D_REENTRANT -D_GNU_SOURCE   conftest.c  >&5
conftest.c:42:6: warning: conflicting types for built-in function 'sqrt' [enabled by default]
 char sqrt ();
      ^
/tmp/ccKgsBtJ.o: In function `main':
conftest.c:(.text+0xa): undefined reference to `sqrt'
collect2: error: ld returned 1 exit status
configure:7561: $? = 1
configure: failed program was:
| /* confdefs.h */
| #define PACKAGE_NAME ""
| #define PACKAGE_TARNAME ""
| #define PACKAGE_VERSION ""
| #define PACKAGE_STRING ""
| #define PACKAGE_BUGREPORT ""
| #define PACKAGE_URL ""
| #define STDC_HEADERS 1
| #define HAVE_SYS_TYPES_H 1
| #define HAVE_SYS_STAT_H 1
| #define HAVE_STDLIB_H 1
| #define HAVE_STRING_H 1
| #define HAVE_MEMORY_H 1
| #define HAVE_STRINGS_H 1
| #define HAVE_INTTYPES_H 1
| #define HAVE_STDINT_H 1
| #define HAVE_UNISTD_H 1
| #define __EXTENSIONS__ 1
| #define _ALL_SOURCE 1
| #define _GNU_SOURCE 1
| #define _POSIX_PTHREAD_SEMANTICS 1
| #define _TANDEM_SOURCE 1
| #define STDC_HEADERS 1
| #define HAVE_STRING_H 1
| #define HAVE_LIMITS_H 1
| #define HAVE_UNISTD_H 1
| #define HAVE_SYS_SOCKET_H 1
| #define HAVE_PWD_H 1
| #define HAVE_GRP_H 1
| #define HAVE_STRINGS_H 1
| #define HAVE_SYS_PRCTL_H 1
| #define HAVE_SYS_SEM_H 1
| #define HAVE_SYS_WAIT_H 1
| /* end confdefs.h.  */
| 
| /* Override any GCC internal prototype to avoid an error.
|    Use char because int might match the return type of a GCC
|    builtin and then its argument prototype would still apply.  */
| #ifdef __cplusplus
| extern "C"
| #endif
| char sqrt ();
| int
| main ()
| {
| return sqrt ();
|   ;
|   return 0;
| }
configure:7561: gcc -std=gnu99 -o conftest   -pthread  -DLINUX -D_REENTRANT -D_GNU_SOURCE   conftest.c -lm   >&5
conftest.c:42:6: warning: conflicting types for built-in function 'sqrt' [enabled by default]
 char sqrt ();
      ^
configure:7561: $? = 0
configure:7578: result: -lm
configure:7595: checking for library containing crypt
configure:7626: gcc -std=gnu99 -o conftest   -pthread  -DLINUX -D_REENTRANT -D_GNU_SOURCE   conftest.c  >&5
/tmp/ccWQIRIR.o: In function `main':
conftest.c:(.text+0xa): undefined reference to `crypt'
collect2: error: ld returned 1 exit status
configure:7626: $? = 1
configure: failed program was:
| /* confdefs.h */
| #define PACKAGE_NAME ""
| #define PACKAGE_TARNAME ""
| #define PACKAGE_VERSION ""
| #define PACKAGE_STRING ""
| #define PACKAGE_BUGREPORT ""
| #define PACKAGE_URL ""
| #define STDC_HEADERS 1
| #define HAVE_SYS_TYPES_H 1
| #define HAVE_SYS_STAT_H 1
| #define HAVE_STDLIB_H 1
| #define HAVE_STRING_H 1
| #define HAVE_MEMORY_H 1
| #define HAVE_STRINGS_H 1
| #define HAVE_INTTYPES_H 1
| #define HAVE_STDINT_H 1
| #define HAVE_UNISTD_H 1
| #define __EXTENSIONS__ 1
| #define _ALL_SOURCE 1
| #define _GNU_SOURCE 1
| #define _POSIX_PTHREAD_SEMANTICS 1
| #define _TANDEM_SOURCE 1
| #define STDC_HEADERS 1
| #define HAVE_STRING_H 1
| #define HAVE_LIMITS_H 1
| #define HAVE_UNISTD_H 1
| #define HAVE_SYS_SOCKET_H 1
| #define HAVE_PWD_H 1
| #define HAVE_GRP_H 1
| #define HAVE_STRINGS_H 1
| #define HAVE_SYS_PRCTL_H 1
| #define HAVE_SYS_SEM_H 1
| #define HAVE_SYS_WAIT_H 1
| /* end confdefs.h.  */
| 
| /* Override any GCC internal prototype to avoid an error.
|    Use char because int might match the return type of a GCC
|    builtin and then its argument prototype would still apply.  */
| #ifdef __cplusplus
| extern "C"
| #endif
| char crypt ();
| int
| main ()
| {
| return crypt ();
|   ;
|   return 0;
| }
configure:7626: gcc -std=gnu99 -o conftest   -pthread  -DLINUX -D_REENTRANT -D_GNU_SOURCE   conftest.c -lcrypt   >&5
configure:7626: $? = 0
configure:7643: result: -lcrypt
configure:7672: checking for getpwnam
configure:7672: gcc -std=gnu99 -o conftest   -pthread  -DLINUX -D_REENTRANT -D_GNU_SOURCE   conftest.c  >&5
configure:7672: $? = 0
configure:7672: result: yes
configure:7672: checking for getgrnam
configure:7672: gcc -std=gnu99 -o conftest   -pthread  -DLINUX -D_REENTRANT -D_GNU_SOURCE   conftest.c  >&5
configure:7672: $? = 0
configure:7672: result: yes
configure:7672: checking for initgroups
configure:7672: gcc -std=gnu99 -o conftest   -pthread  -DLINUX -D_REENTRANT -D_GNU_SOURCE   conftest.c  >&5
configure:7672: $? = 0
configure:7672: result: yes
configure:7672: checking for bindprocessor
configure:7672: gcc -std=gnu99 -o conftest   -pthread  -DLINUX -D_REENTRANT -D_GNU_SOURCE   conftest.c  >&5
/tmp/ccUgJXgW.o: In function `main':
conftest.c:(.text+0xa): undefined reference to `bindprocessor'
collect2: error: ld returned 1 exit status
configure:7672: $? = 1
configure: failed program was:
| /* confdefs.h */
| #define PACKAGE_NAME ""
| #define PACKAGE_TARNAME ""
| #define PACKAGE_VERSION ""
| #define PACKAGE_STRING ""
| #define PACKAGE_BUGREPORT ""
| #define PACKAGE_URL ""
| #define STDC_HEADERS 1
| #define HAVE_SYS_TYPES_H 1
| #define HAVE_SYS_STAT_H 1
| #define HAVE_STDLIB_H 1
| #define HAVE_STRING_H 1
| #define HAVE_MEMORY_H 1
| #define HAVE_STRINGS_H 1
| #define HAVE_INTTYPES_H 1
| #define HAVE_STDINT_H 1
| #define HAVE_UNISTD_H 1
| #define __EXTENSIONS__ 1
| #define _ALL_SOURCE 1
| #define _GNU_SOURCE 1
| #define _POSIX_PTHREAD_SEMANTICS 1
| #define _TANDEM_SOURCE 1
| #define STDC_HEADERS 1
| #define HAVE_STRING_H 1
| #define HAVE_LIMITS_H 1
| #define HAVE_UNISTD_H 1
| #define HAVE_SYS_SOCKET_H 1
| #define HAVE_PWD_H 1
| #define HAVE_GRP_H 1
| #define HAVE_STRINGS_H 1
| #define HAVE_SYS_PRCTL_H 1
| #define HAVE_SYS_SEM_H 1
| #define HAVE_SYS_WAIT_H 1
| #define HAVE_GETPWNAM 1
| #define HAVE_GETGRNAM 1
| #define HAVE_INITGROUPS 1
| /* end confdefs.h.  */
| /* Define bindprocessor to an innocuous variant, in case <limits.h> declares bindprocessor.
|    For example, HP-UX 11i <limits.h> declares gettimeofday.  */
| #define bindprocessor innocuous_bindprocessor
| 
| /* System header to define __stub macros and hopefully few prototypes,
|     which can conflict with char bindprocessor (); below.
|     Prefer <limits.h> to <assert.h> if __STDC__ is defined, since
|     <limits.h> exists even on freestanding compilers.  */
| 
| #ifdef __STDC__
| # include <limits.h>
| #else
| # include <assert.h>
| #endif
| 
| #undef bindprocessor
| 
| /* Override any GCC internal prototype to avoid an error.
|    Use char because int might match the return type of a GCC
|    builtin and then its argument prototype would still apply.  */
| #ifdef __cplusplus
| extern "C"
| #endif
| char bindprocessor ();
| /* The GNU C library defines this for functions which it implements
|     to always fail with ENOSYS.  Some functions are actually named
|     something starting with __ and the normal name is an alias.  */
| #if defined __stub_bindprocessor || defined __stub___bindprocessor
| choke me
| #endif
| 
| int
| main ()
| {
| return bindprocessor ();
|   ;
|   return 0;
| }
configure:7672: result: no
configure:7672: checking for prctl
configure:7672: gcc -std=gnu99 -o conftest   -pthread  -DLINUX -D_REENTRANT -D_GNU_SOURCE   conftest.c  >&5
configure:7672: $? = 0
configure:7672: result: yes
configure:7672: checking for timegm
configure:7672: gcc -std=gnu99 -o conftest   -pthread  -DLINUX -D_REENTRANT -D_GNU_SOURCE   conftest.c  >&5
configure:7672: $? = 0
configure:7672: result: yes
configure:7672: checking for getpgid
configure:7672: gcc -std=gnu99 -o conftest   -pthread  -DLINUX -D_REENTRANT -D_GNU_SOURCE   conftest.c  >&5
configure:7672: $? = 0
configure:7672: result: yes
configure:7672: checking for fopen64
configure:7672: gcc -std=gnu99 -o conftest   -pthread  -DLINUX -D_REENTRANT -D_GNU_SOURCE   conftest.c  >&5
configure:7672: $? = 0
configure:7672: result: yes
configure:7672: checking for getloadavg
configure:7672: gcc -std=gnu99 -o conftest   -pthread  -DLINUX -D_REENTRANT -D_GNU_SOURCE   conftest.c  >&5
configure:7672: $? = 0
configure:7672: result: yes
configure:7684: checking for void pointer length
configure:7700: gcc -std=gnu99 -o conftest   -pthread  -DLINUX -D_REENTRANT -D_GNU_SOURCE   conftest.c  >&5
configure:7700: $? = 0
configure:7700: ./conftest
configure:7700: $? = 0
configure:7710: result: no
configure:7718: checking for gettid()
configure:7735: gcc -std=gnu99 -o conftest   -pthread  -DLINUX -D_REENTRANT -D_GNU_SOURCE   conftest.c  >&5
conftest.c:43:0: warning: "_GNU_SOURCE" redefined [enabled by default]
 #define _GNU_SOURCE
 ^
conftest.c:20:0: note: this is the location of the previous definition
 #define _GNU_SOURCE 1
 ^
configure:7735: $? = 0
configure:7735: ./conftest
configure:7735: $? = 0
configure:7745: result: yes
configure:7753: checking for tm_gmtoff in struct tm
configure:7770: gcc -std=gnu99 -c   -pthread  -DLINUX -D_REENTRANT -D_GNU_SOURCE conftest.c >&5
configure:7770: $? = 0
configure:7777: result: yes
configure:8776: checking whether to enable mod_authn_file
configure:8829: result: shared
configure:8910: checking whether to enable mod_authn_dbm
configure:8963: result: shared (all)
configure:9044: checking whether to enable mod_authn_anon
configure:9097: result: shared (all)
configure:9178: checking whether to enable mod_authn_dbd
configure:9231: result: shared (all)
configure:9312: checking whether to enable mod_authn_socache
configure:9365: result: shared (all)
configure:9447: checking whether to enable mod_authn_core
configure:9500: result: shared
configure:9582: checking whether to enable mod_authz_host
configure:9635: result: shared
configure:9716: checking whether to enable mod_authz_groupfile
configure:9769: result: shared
configure:9850: checking whether to enable mod_authz_user
configure:9903: result: shared
configure:9984: checking whether to enable mod_authz_dbm
configure:10037: result: shared (all)
configure:10118: checking whether to enable mod_authz_owner
configure:10171: result: shared (all)
configure:10252: checking whether to enable mod_authz_dbd
configure:10305: result: shared (all)
configure:10387: checking whether to enable mod_authz_core
configure:10440: result: shared
configure:10522: checking whether to enable mod_authnz_ldap
configure:10573: result: checking dependencies
configure:10578: checking for ldap support in apr/apr-util
configure:10606: result: yes
configure:10644: checking whether to enable mod_authnz_ldap
configure:10654: result: shared (all)
configure:10736: checking whether to enable mod_authnz_fcgi
configure:10789: result: no
configure:10871: checking whether to enable mod_access_compat
configure:10924: result: shared
configure:11007: checking whether to enable mod_auth_basic
configure:11060: result: shared
configure:11141: checking whether to enable mod_auth_form
configure:11194: result: shared (all)
configure:11275: checking whether to enable mod_auth_digest
configure:11326: result: checking dependencies
configure:11359: checking whether to enable mod_auth_digest
configure:11369: result: shared (all)
configure:11451: checking whether to enable mod_allowmethods
configure:11504: result: shared (all)
configure:11641: checking whether to enable mod_isapi
configure:11694: result: no
configure:11809: checking whether to enable mod_file_cache
configure:11862: result: shared (all)
configure:11957: checking whether to enable mod_cache
configure:12010: result: shared (all)
configure:12091: checking whether to enable mod_cache_disk
configure:12142: result: checking dependencies
configure:12155: checking whether to enable mod_cache_disk
configure:12165: result: shared (all)
configure:12246: checking whether to enable mod_cache_socache
configure:12299: result: shared (all)
configure:12383: checking whether to enable mod_socache_shmcb
configure:12436: result: shared (all)
configure:12517: checking whether to enable mod_socache_dbm
configure:12570: result: shared (all)
configure:12651: checking whether to enable mod_socache_memcache
configure:12704: result: shared (all)
configure:12785: checking whether to enable mod_socache_dc
configure:13151: result: no
configure:13370: checking whether to enable mod_so
configure:13423: result: static
configure:13505: checking whether to enable mod_watchdog
configure:13556: result: checking dependencies
configure:13589: checking whether to enable mod_watchdog
configure:13599: result: shared (all)
configure:13681: checking whether to enable mod_macro
configure:13734: result: shared (all)
configure:13870: checking whether to enable mod_dbd
configure:13923: result: shared (all)
configure:14059: checking whether to enable mod_bucketeer
configure:14112: result: no
configure:14193: checking whether to enable mod_dumpio
configure:14246: result: shared (all)
configure:14361: checking whether to enable mod_echo
configure:14414: result: shared (all)
configure:14528: checking whether to enable mod_example_hooks
configure:14581: result: no
configure:14662: checking whether to enable mod_case_filter
configure:14715: result: no
configure:14796: checking whether to enable mod_case_filter_in
configure:14849: result: no
configure:14930: checking whether to enable mod_example_ipc
configure:14983: result: no
configure:15130: checking whether to enable mod_buffer
configure:15183: result: shared (all)
configure:15264: checking whether to enable mod_data
configure:15317: result: shared (all)
configure:15398: checking whether to enable mod_ratelimit
configure:15451: result: shared (all)
configure:15532: checking whether to enable mod_reqtimeout
configure:15585: result: shared
configure:15666: checking whether to enable mod_ext_filter
configure:15719: result: shared (all)
configure:15800: checking whether to enable mod_request
configure:15853: result: shared (all)
configure:15934: checking whether to enable mod_include
configure:15987: result: shared (all)
configure:16068: checking whether to enable mod_filter
configure:16121: result: shared
configure:16202: checking whether to enable mod_reflector
configure:16255: result: shared (all)
configure:16336: checking whether to enable mod_substitute
configure:16389: result: shared (all)
configure:16472: checking whether to enable mod_sed
configure:16523: result: checking dependencies
configure:16554: checking whether to enable mod_sed
configure:16564: result: shared (all)
configure:16784: checking whether to enable mod_charset_lite
configure:16837: result: shared (all)
configure:16921: checking whether to enable mod_deflate
configure:16972: result: checking dependencies
configure:16988: checking for zlib location
configure:17009: result: /usr
configure:17170: checking for zlib library
configure:17183: gcc -std=gnu99 -o conftest   -pthread  -DLINUX -D_REENTRANT -D_GNU_SOURCE   conftest.c -lz >&5
configure:17183: $? = 0
configure:17184: result: found
configure:17247: checking whether to enable mod_deflate
configure:17257: result: shared (all)
configure:17341: checking whether to enable mod_xml2enc
configure:17392: result: checking dependencies
configure:17397: checking for libxml2
configure:17412: checking for libxml2
configure:17429: result: yes
configure:17480: checking whether to enable mod_xml2enc
configure:17490: result: shared (all)
configure:17571: checking whether to enable mod_proxy_html
configure:17622: result: checking dependencies
configure:17627: checking for libxml2
configure:17659: result: yes
configure:17711: checking whether to enable mod_proxy_html
configure:17721: result: shared (all)
configure:17865: checking whether to enable mod_http
configure:17918: result: static
configure:17999: checking whether to enable mod_mime
configure:18052: result: shared
configure:18171: checking whether to enable mod_http2
configure:18222: result: checking dependencies
configure:18227: checking for nghttp2
configure:18238: checking for user-provided nghttp2 base directory
configure:18251: result: none
configure:18264: checking for pkg-config along 
configure:18589: checking for nghttp2 version >= 1.2.1
configure:18608: gcc -std=gnu99 -c   -pthread  -DLINUX -D_REENTRANT -D_GNU_SOURCE conftest.c >&5
conftest.c:45:32: fatal error: nghttp2/nghttp2ver.h: No such file or directory
 #include <nghttp2/nghttp2ver.h>
                                ^
compilation terminated.
configure:18608: $? = 1
configure: failed program was:
| /* confdefs.h */
| #define PACKAGE_NAME ""
| #define PACKAGE_TARNAME ""
| #define PACKAGE_VERSION ""
| #define PACKAGE_STRING ""
| #define PACKAGE_BUGREPORT ""
| #define PACKAGE_URL ""
| #define STDC_HEADERS 1
| #define HAVE_SYS_TYPES_H 1
| #define HAVE_SYS_STAT_H 1
| #define HAVE_STDLIB_H 1
| #define HAVE_STRING_H 1
| #define HAVE_MEMORY_H 1
| #define HAVE_STRINGS_H 1
| #define HAVE_INTTYPES_H 1
| #define HAVE_STDINT_H 1
| #define HAVE_UNISTD_H 1
| #define __EXTENSIONS__ 1
| #define _ALL_SOURCE 1
| #define _GNU_SOURCE 1
| #define _POSIX_PTHREAD_SEMANTICS 1
| #define _TANDEM_SOURCE 1
| #define STDC_HEADERS 1
| #define HAVE_STRING_H 1
| #define HAVE_LIMITS_H 1
| #define HAVE_UNISTD_H 1
| #define HAVE_SYS_SOCKET_H 1
| #define HAVE_PWD_H 1
| #define HAVE_GRP_H 1
| #define HAVE_STRINGS_H 1
| #define HAVE_SYS_PRCTL_H 1
| #define HAVE_SYS_SEM_H 1
| #define HAVE_SYS_WAIT_H 1
| #define HAVE_GETPWNAM 1
| #define HAVE_GETGRNAM 1
| #define HAVE_INITGROUPS 1
| #define HAVE_PRCTL 1
| #define HAVE_TIMEGM 1
| #define HAVE_GETPGID 1
| #define HAVE_FOPEN64 1
| #define HAVE_GETLOADAVG 1
| #define HAVE_GETTID 1
| #define HAVE_GMTOFF 1
| /* end confdefs.h.  */
| #include <nghttp2/nghttp2ver.h>
| int
| main ()
| {
| 
| #if !defined(NGHTTP2_VERSION_NUM)
| #error "Missing nghttp2 version"
| #endif
| #if NGHTTP2_VERSION_NUM < 0x010201
| #error "Unsupported nghttp2 version " NGHTTP2_VERSION_TEXT
| #endif
|   ;
|   return 0;
| }
configure:18613: result: FAILED
configure:18768: WARNING: nghttp2 version is too old
configure:18777: result: no
configure:18816: checking whether to enable mod_http2
configure:18826: result: no (disabled)
configure:18943: checking whether to enable mod_ldap
configure:18994: result: checking dependencies
configure:18999: checking for ldap support in apr/apr-util
configure:19027: result: yes
configure:19065: checking whether to enable mod_ldap
configure:19075: result: shared (all)
configure:19212: checking whether to enable mod_log_config
configure:19265: result: shared
configure:19346: checking whether to enable mod_log_debug
configure:19399: result: shared (all)
configure:19480: checking whether to enable mod_log_forensic
configure:19533: result: shared (all)
configure:19640: checking whether to enable mod_logio
configure:19693: result: shared (all)
configure:19833: checking whether to enable mod_lua
configure:19884: result: checking dependencies
configure:19904: checking for pow in -lm
configure:19929: gcc -std=gnu99 -o conftest   -pthread  -DLINUX -D_REENTRANT -D_GNU_SOURCE   conftest.c -lm   >&5
conftest.c:52:6: warning: conflicting types for built-in function 'pow' [enabled by default]
 char pow ();
      ^
configure:19929: $? = 0
configure:19938: result: yes
configure:19944: checking for sqrt in -lm
configure:19969: gcc -std=gnu99 -o conftest   -pthread  -DLINUX -D_REENTRANT -D_GNU_SOURCE   conftest.c -lm   >&5
conftest.c:52:6: warning: conflicting types for built-in function 'sqrt' [enabled by default]
 char sqrt ();
      ^
configure:19969: $? = 0
configure:19978: result: yes
configure:19985: checking for lua.h in ./include/lua-5.2
configure:20064: result: no
configure:20067: checking for lua.h in ./include/lua5.2
configure:20146: result: no
configure:20149: checking for lua.h in ./include/lua52
configure:20228: result: no
configure:20231: checking for lua.h in ./include
configure:20310: result: no
configure:20314: checking for lua.h in ./include/lua-5.1
configure:20393: result: no
configure:20396: checking for lua.h in ./include/lua5.1
configure:20475: result: no
configure:20478: checking for lua.h in ./include/lua51
configure:20557: result: no
configure:19985: checking for lua.h in /usr/local/include/lua-5.2
configure:20064: result: no
configure:20067: checking for lua.h in /usr/local/include/lua5.2
configure:20146: result: no
configure:20149: checking for lua.h in /usr/local/include/lua52
configure:20228: result: no
configure:20231: checking for lua.h in /usr/local/include
configure:20310: result: no
configure:20314: checking for lua.h in /usr/local/include/lua-5.1
configure:20393: result: no
configure:20396: checking for lua.h in /usr/local/include/lua5.1
configure:20475: result: no
configure:20478: checking for lua.h in /usr/local/include/lua51
configure:20557: result: no
configure:19985: checking for lua.h in /usr/include/lua-5.2
configure:20064: result: no
configure:20067: checking for lua.h in /usr/include/lua5.2
configure:20146: result: no
configure:20149: checking for lua.h in /usr/include/lua52
configure:20228: result: no
configure:20231: checking for lua.h in /usr/include
configure:20310: result: no
configure:20314: checking for lua.h in /usr/include/lua-5.1
configure:20393: result: no
configure:20396: checking for lua.h in /usr/include/lua5.1
configure:20475: result: no
configure:20478: checking for lua.h in /usr/include/lua51
configure:20557: result: no
configure:20566: WARNING: *** Lua 5.2 or 5.1 library not found.
configure:20570: WARNING: Lua 5.2 or 5.1 library is required
configure:20656: checking whether to enable mod_lua
configure:20666: result: no (disabled)
configure:20803: checking whether to enable mod_env
configure:20856: result: shared
configure:20937: checking whether to enable mod_mime_magic
configure:20990: result: shared (all)
configure:21071: checking whether to enable mod_cern_meta
configure:21124: result: no
configure:21205: checking whether to enable mod_expires
configure:21258: result: shared
configure:21339: checking whether to enable mod_headers
configure:21392: result: shared
configure:21473: checking whether to enable mod_ident
configure:21526: result: no
configure:21608: checking whether to enable mod_usertrack
configure:21659: result: checking dependencies
configure:21665: checking sys/times.h usability
configure:21665: gcc -std=gnu99 -c   -pthread  -DLINUX -D_REENTRANT -D_GNU_SOURCE conftest.c >&5
configure:21665: $? = 0
configure:21665: result: yes
configure:21665: checking sys/times.h presence
configure:21665: gcc -E  -DLINUX -D_REENTRANT -D_GNU_SOURCE conftest.c
configure:21665: $? = 0
configure:21665: result: yes
configure:21665: checking for sys/times.h
configure:21665: result: yes
configure:21677: checking for times
configure:21677: gcc -std=gnu99 -o conftest   -pthread  -DLINUX -D_REENTRANT -D_GNU_SOURCE   conftest.c  >&5
configure:21677: $? = 0
configure:21677: result: yes
configure:21688: checking whether to enable mod_usertrack
configure:21698: result: shared (all)
configure:21780: checking whether to enable mod_unique_id
configure:21833: result: shared (all)
configure:21914: checking whether to enable mod_setenvif
configure:21967: result: shared
configure:22048: checking whether to enable mod_version
configure:22101: result: shared
configure:22182: checking whether to enable mod_remoteip
configure:22235: result: shared (all)
configure:22358: checking whether to enable mod_proxy
configure:22411: result: shared
configure:22519: checking whether to enable mod_proxy_connect
configure:22570: result: checking dependencies
configure:22583: checking whether to enable mod_proxy_connect
configure:22593: result: shared
configure:22674: checking whether to enable mod_proxy_ftp
configure:22725: result: checking dependencies
configure:22738: checking whether to enable mod_proxy_ftp
configure:22748: result: shared
configure:22829: checking whether to enable mod_proxy_http
configure:22880: result: checking dependencies
configure:22893: checking whether to enable mod_proxy_http
configure:22903: result: shared
configure:22984: checking whether to enable mod_proxy_fcgi
configure:23035: result: checking dependencies
configure:23048: checking whether to enable mod_proxy_fcgi
configure:23058: result: shared
configure:23139: checking whether to enable mod_proxy_scgi
configure:23190: result: checking dependencies
configure:23203: checking whether to enable mod_proxy_scgi
configure:23213: result: shared
configure:23294: checking whether to enable mod_proxy_fdpass
configure:23345: result: checking dependencies
configure:23357: checking whether CMSG_DATA is declared
configure:23357: gcc -std=gnu99 -c   -pthread  -DLINUX -D_REENTRANT -D_GNU_SOURCE conftest.c >&5
configure:23357: $? = 0
configure:23357: result: yes
configure:23373: checking whether to enable mod_proxy_fdpass
configure:23383: result: shared (all)
configure:23464: checking whether to enable mod_proxy_wstunnel
configure:23515: result: checking dependencies
configure:23528: checking whether to enable mod_proxy_wstunnel
configure:23538: result: shared
configure:23619: checking whether to enable mod_proxy_ajp
configure:23670: result: checking dependencies
configure:23683: checking whether to enable mod_proxy_ajp
configure:23693: result: shared
configure:23774: checking whether to enable mod_proxy_balancer
configure:23825: result: checking dependencies
configure:23838: checking whether to enable mod_proxy_balancer
configure:23848: result: shared
configure:23930: checking whether to enable mod_proxy_express
configure:23981: result: checking dependencies
configure:23994: checking whether to enable mod_proxy_express
configure:24004: result: shared
configure:24163: checking whether to enable mod_session
configure:24216: result: shared (all)
configure:24297: checking whether to enable mod_session_cookie
configure:24348: result: checking dependencies
configure:24361: checking whether to enable mod_session_cookie
configure:24371: result: shared (all)
configure:24475: gcc -std=gnu99 -c   -pthread  -DLINUX -D_REENTRANT -D_GNU_SOURCE  -I/usr/include/apr-1   -I/usr/include/apr-1  conftest.c >&5
configure:24475: $? = 0
configure:24492: checking whether to enable mod_session_crypto
configure:24543: result: checking dependencies
configure:24560: checking whether to enable mod_session_crypto
configure:24570: result: shared (all)
configure:24652: checking whether to enable mod_session_dbd
configure:24703: result: checking dependencies
configure:24716: checking whether to enable mod_session_dbd
configure:24726: result: shared (all)
configure:24864: checking whether to enable mod_slotmem_shm
configure:24917: result: shared (all)
configure:24998: checking whether to enable mod_slotmem_plain
configure:25051: result: shared (all)
configure:25166: checking whether to enable mod_ssl
configure:25217: result: checking dependencies
configure:25222: checking for OpenSSL
configure:25233: checking for user-provided OpenSSL base directory
configure:25246: result: none
configure:25582: checking for OpenSSL version >= 0.9.8a
configure:25601: gcc -std=gnu99 -c   -pthread  -DLINUX -D_REENTRANT -D_GNU_SOURCE conftest.c >&5
configure:25601: $? = 0
configure:25602: result: OK
configure:25671: checking openssl/engine.h usability
configure:25671: gcc -std=gnu99 -c   -pthread  -DLINUX -D_REENTRANT -D_GNU_SOURCE conftest.c >&5
configure:25671: $? = 0
configure:25671: result: yes
configure:25671: checking openssl/engine.h presence
configure:25671: gcc -E  -DLINUX -D_REENTRANT -D_GNU_SOURCE conftest.c
configure:25671: $? = 0
configure:25671: result: yes
configure:25671: checking for openssl/engine.h
configure:25671: result: yes
configure:25684: checking for SSLeay_version
configure:25684: gcc -std=gnu99 -o conftest   -pthread  -DLINUX -D_REENTRANT -D_GNU_SOURCE   conftest.c -lssl -lcrypto     -lpthread -ldl >&5
configure:25684: $? = 0
configure:25684: result: yes
configure:25684: checking for SSL_CTX_new
configure:25684: gcc -std=gnu99 -o conftest   -pthread  -DLINUX -D_REENTRANT -D_GNU_SOURCE   conftest.c -lssl -lcrypto     -lpthread -ldl >&5
configure:25684: $? = 0
configure:25684: result: yes
configure:25698: checking for ENGINE_init
configure:25698: gcc -std=gnu99 -o conftest   -pthread  -DLINUX -D_REENTRANT -D_GNU_SOURCE   conftest.c -lssl -lcrypto     -lpthread -ldl >&5
configure:25698: $? = 0
configure:25698: result: yes
configure:25698: checking for ENGINE_load_builtin_engines
configure:25698: gcc -std=gnu99 -o conftest   -pthread  -DLINUX -D_REENTRANT -D_GNU_SOURCE   conftest.c -lssl -lcrypto     -lpthread -ldl >&5
configure:25698: $? = 0
configure:25698: result: yes
configure:25698: checking for RAND_egd
configure:25698: gcc -std=gnu99 -o conftest   -pthread  -DLINUX -D_REENTRANT -D_GNU_SOURCE   conftest.c -lssl -lcrypto     -lpthread -ldl >&5
configure:25698: $? = 0
configure:25698: result: yes
configure:25721: result: yes
configure:25760: checking whether to enable mod_ssl
configure:25770: result: shared (all)
configure:25908: checking whether to enable mod_optional_hook_export
configure:25961: result: no
configure:26042: checking whether to enable mod_optional_hook_import
configure:26095: result: no
configure:26176: checking whether to enable mod_optional_fn_import
configure:26229: result: no
configure:26310: checking whether to enable mod_optional_fn_export
configure:26363: result: no
configure:26445: checking whether to enable mod_dialup
configure:26498: result: shared (all)
configure:26620: checking for target platform
configure:26645: result: unix
configure:26677: checking for rlim_t
configure:26698: gcc -std=gnu99 -c   -pthread  -DLINUX -D_REENTRANT -D_GNU_SOURCE conftest.c >&5
configure:26698: $? = 0
configure:26709: result: yes
configure:26721: checking sys/time.h usability
configure:26721: gcc -std=gnu99 -c   -pthread  -DLINUX -D_REENTRANT -D_GNU_SOURCE conftest.c >&5
configure:26721: $? = 0
configure:26721: result: yes
configure:26721: checking sys/time.h presence
configure:26721: gcc -E  -DLINUX -D_REENTRANT -D_GNU_SOURCE conftest.c
configure:26721: $? = 0
configure:26721: result: yes
configure:26721: checking for sys/time.h
configure:26721: result: yes
configure:26721: checking sys/resource.h usability
configure:26721: gcc -std=gnu99 -c   -pthread  -DLINUX -D_REENTRANT -D_GNU_SOURCE conftest.c >&5
configure:26721: $? = 0
configure:26721: result: yes
configure:26721: checking sys/resource.h presence
configure:26721: gcc -E  -DLINUX -D_REENTRANT -D_GNU_SOURCE conftest.c
configure:26721: $? = 0
configure:26721: result: yes
configure:26721: checking for sys/resource.h
configure:26721: result: yes
configure:26721: checking for sys/sem.h
configure:26721: result: yes
configure:26721: checking sys/ipc.h usability
configure:26721: gcc -std=gnu99 -c   -pthread  -DLINUX -D_REENTRANT -D_GNU_SOURCE conftest.c >&5
configure:26721: $? = 0
configure:26721: result: yes
configure:26721: checking sys/ipc.h presence
configure:26721: gcc -E  -DLINUX -D_REENTRANT -D_GNU_SOURCE conftest.c
configure:26721: $? = 0
configure:26721: result: yes
configure:26721: checking for sys/ipc.h
configure:26721: result: yes
configure:26735: checking for setsid
configure:26735: gcc -std=gnu99 -o conftest   -pthread  -DLINUX -D_REENTRANT -D_GNU_SOURCE   conftest.c  >&5
configure:26735: $? = 0
configure:26735: result: yes
configure:26735: checking for killpg
configure:26735: gcc -std=gnu99 -o conftest   -pthread  -DLINUX -D_REENTRANT -D_GNU_SOURCE   conftest.c  >&5
configure:26735: $? = 0
configure:26735: result: yes
configure:26751: checking bstring.h usability
configure:26751: gcc -std=gnu99 -c   -pthread  -DLINUX -D_REENTRANT -D_GNU_SOURCE conftest.c >&5
conftest.c:93:21: fatal error: bstring.h: No such file or directory
 #include <bstring.h>
                     ^
compilation terminated.
configure:26751: $? = 1
configure: failed program was:
| /* confdefs.h */
| #define PACKAGE_NAME ""
| #define PACKAGE_TARNAME ""
| #define PACKAGE_VERSION ""
| #define PACKAGE_STRING ""
| #define PACKAGE_BUGREPORT ""
| #define PACKAGE_URL ""
| #define STDC_HEADERS 1
| #define HAVE_SYS_TYPES_H 1
| #define HAVE_SYS_STAT_H 1
| #define HAVE_STDLIB_H 1
| #define HAVE_STRING_H 1
| #define HAVE_MEMORY_H 1
| #define HAVE_STRINGS_H 1
| #define HAVE_INTTYPES_H 1
| #define HAVE_STDINT_H 1
| #define HAVE_UNISTD_H 1
| #define __EXTENSIONS__ 1
| #define _ALL_SOURCE 1
| #define _GNU_SOURCE 1
| #define _POSIX_PTHREAD_SEMANTICS 1
| #define _TANDEM_SOURCE 1
| #define STDC_HEADERS 1
| #define HAVE_STRING_H 1
| #define HAVE_LIMITS_H 1
| #define HAVE_UNISTD_H 1
| #define HAVE_SYS_SOCKET_H 1
| #define HAVE_PWD_H 1
| #define HAVE_GRP_H 1
| #define HAVE_STRINGS_H 1
| #define HAVE_SYS_PRCTL_H 1
| #define HAVE_SYS_SEM_H 1
| #define HAVE_SYS_WAIT_H 1
| #define HAVE_GETPWNAM 1
| #define HAVE_GETGRNAM 1
| #define HAVE_INITGROUPS 1
| #define HAVE_PRCTL 1
| #define HAVE_TIMEGM 1
| #define HAVE_GETPGID 1
| #define HAVE_FOPEN64 1
| #define HAVE_GETLOADAVG 1
| #define HAVE_GETTID 1
| #define HAVE_GMTOFF 1
| #define HAVE_SYS_TIMES_H 1
| #define HAVE_TIMES 1
| #define HAVE_OPENSSL_ENGINE_H 1
| #define HAVE_SSLEAY_VERSION 1
| #define HAVE_SSL_CTX_NEW 1
| #define HAVE_ENGINE_INIT 1
| #define HAVE_ENGINE_LOAD_BUILTIN_ENGINES 1
| #define HAVE_RAND_EGD 1
| #define HAVE_OPENSSL 1
| #define HAVE_SYS_TIME_H 1
| #define HAVE_SYS_RESOURCE_H 1
| #define HAVE_SYS_SEM_H 1
| #define HAVE_SYS_IPC_H 1
| #define HAVE_SETSID 1
| #define HAVE_KILLPG 1
| /* end confdefs.h.  */
| #include <stdio.h>
| #ifdef HAVE_SYS_TYPES_H
| # include <sys/types.h>
| #endif
| #ifdef HAVE_SYS_STAT_H
| # include <sys/stat.h>
| #endif
| #ifdef STDC_HEADERS
| # include <stdlib.h>
| # include <stddef.h>
| #else
| # ifdef HAVE_STDLIB_H
| #  include <stdlib.h>
| # endif
| #endif
| #ifdef HAVE_STRING_H
| # if !defined STDC_HEADERS && defined HAVE_MEMORY_H
| #  include <memory.h>
| # endif
| # include <string.h>
| #endif
| #ifdef HAVE_STRINGS_H
| # include <strings.h>
| #endif
| #ifdef HAVE_INTTYPES_H
| # include <inttypes.h>
| #endif
| #ifdef HAVE_STDINT_H
| # include <stdint.h>
| #endif
| #ifdef HAVE_UNISTD_H
| # include <unistd.h>
| #endif
| #include <bstring.h>
configure:26751: result: no
configure:26751: checking bstring.h presence
configure:26751: gcc -E  -DLINUX -D_REENTRANT -D_GNU_SOURCE conftest.c
conftest.c:60:21: fatal error: bstring.h: No such file or directory
 #include <bstring.h>
                     ^
compilation terminated.
configure:26751: $? = 1
configure: failed program was:
| /* confdefs.h */
| #define PACKAGE_NAME ""
| #define PACKAGE_TARNAME ""
| #define PACKAGE_VERSION ""
| #define PACKAGE_STRING ""
| #define PACKAGE_BUGREPORT ""
| #define PACKAGE_URL ""
| #define STDC_HEADERS 1
| #define HAVE_SYS_TYPES_H 1
| #define HAVE_SYS_STAT_H 1
| #define HAVE_STDLIB_H 1
| #define HAVE_STRING_H 1
| #define HAVE_MEMORY_H 1
| #define HAVE_STRINGS_H 1
| #define HAVE_INTTYPES_H 1
| #define HAVE_STDINT_H 1
| #define HAVE_UNISTD_H 1
| #define __EXTENSIONS__ 1
| #define _ALL_SOURCE 1
| #define _GNU_SOURCE 1
| #define _POSIX_PTHREAD_SEMANTICS 1
| #define _TANDEM_SOURCE 1
| #define STDC_HEADERS 1
| #define HAVE_STRING_H 1
| #define HAVE_LIMITS_H 1
| #define HAVE_UNISTD_H 1
| #define HAVE_SYS_SOCKET_H 1
| #define HAVE_PWD_H 1
| #define HAVE_GRP_H 1
| #define HAVE_STRINGS_H 1
| #define HAVE_SYS_PRCTL_H 1
| #define HAVE_SYS_SEM_H 1
| #define HAVE_SYS_WAIT_H 1
| #define HAVE_GETPWNAM 1
| #define HAVE_GETGRNAM 1
| #define HAVE_INITGROUPS 1
| #define HAVE_PRCTL 1
| #define HAVE_TIMEGM 1
| #define HAVE_GETPGID 1
| #define HAVE_FOPEN64 1
| #define HAVE_GETLOADAVG 1
| #define HAVE_GETTID 1
| #define HAVE_GMTOFF 1
| #define HAVE_SYS_TIMES_H 1
| #define HAVE_TIMES 1
| #define HAVE_OPENSSL_ENGINE_H 1
| #define HAVE_SSLEAY_VERSION 1
| #define HAVE_SSL_CTX_NEW 1
| #define HAVE_ENGINE_INIT 1
| #define HAVE_ENGINE_LOAD_BUILTIN_ENGINES 1
| #define HAVE_RAND_EGD 1
| #define HAVE_OPENSSL 1
| #define HAVE_SYS_TIME_H 1
| #define HAVE_SYS_RESOURCE_H 1
| #define HAVE_SYS_SEM_H 1
| #define HAVE_SYS_IPC_H 1
| #define HAVE_SETSID 1
| #define HAVE_KILLPG 1
| /* end confdefs.h.  */
| #include <bstring.h>
configure:26751: result: no
configure:26751: checking for bstring.h
configure:26751: result: no
configure:26751: checking for unistd.h
configure:26751: result: yes
configure:26766: checking for syslog
configure:26766: gcc -std=gnu99 -o conftest   -pthread  -DLINUX -D_REENTRANT -D_GNU_SOURCE   conftest.c  >&5
configure:26766: $? = 0
configure:26766: result: yes
configure:26778: checking for sys/times.h
configure:26778: result: yes
configure:26790: checking for times
configure:26790: result: yes
configure:26859: checking whether APR supports thread-safe pollsets
configure:26878: checking for kqueue
configure:26878: gcc -std=gnu99 -o conftest   -pthread  -DLINUX -D_REENTRANT -D_GNU_SOURCE   conftest.c  >&5
/tmp/cchJHuJy.o: In function `main':
conftest.c:(.text+0xa): undefined reference to `kqueue'
collect2: error: ld returned 1 exit status
configure:26878: $? = 1
configure: failed program was:
| /* confdefs.h */
| #define PACKAGE_NAME ""
| #define PACKAGE_TARNAME ""
| #define PACKAGE_VERSION ""
| #define PACKAGE_STRING ""
| #define PACKAGE_BUGREPORT ""
| #define PACKAGE_URL ""
| #define STDC_HEADERS 1
| #define HAVE_SYS_TYPES_H 1
| #define HAVE_SYS_STAT_H 1
| #define HAVE_STDLIB_H 1
| #define HAVE_STRING_H 1
| #define HAVE_MEMORY_H 1
| #define HAVE_STRINGS_H 1
| #define HAVE_INTTYPES_H 1
| #define HAVE_STDINT_H 1
| #define HAVE_UNISTD_H 1
| #define __EXTENSIONS__ 1
| #define _ALL_SOURCE 1
| #define _GNU_SOURCE 1
| #define _POSIX_PTHREAD_SEMANTICS 1
| #define _TANDEM_SOURCE 1
| #define STDC_HEADERS 1
| #define HAVE_STRING_H 1
| #define HAVE_LIMITS_H 1
| #define HAVE_UNISTD_H 1
| #define HAVE_SYS_SOCKET_H 1
| #define HAVE_PWD_H 1
| #define HAVE_GRP_H 1
| #define HAVE_STRINGS_H 1
| #define HAVE_SYS_PRCTL_H 1
| #define HAVE_SYS_SEM_H 1
| #define HAVE_SYS_WAIT_H 1
| #define HAVE_GETPWNAM 1
| #define HAVE_GETGRNAM 1
| #define HAVE_INITGROUPS 1
| #define HAVE_PRCTL 1
| #define HAVE_TIMEGM 1
| #define HAVE_GETPGID 1
| #define HAVE_FOPEN64 1
| #define HAVE_GETLOADAVG 1
| #define HAVE_GETTID 1
| #define HAVE_GMTOFF 1
| #define HAVE_SYS_TIMES_H 1
| #define HAVE_TIMES 1
| #define HAVE_OPENSSL_ENGINE_H 1
| #define HAVE_SSLEAY_VERSION 1
| #define HAVE_SSL_CTX_NEW 1
| #define HAVE_ENGINE_INIT 1
| #define HAVE_ENGINE_LOAD_BUILTIN_ENGINES 1
| #define HAVE_RAND_EGD 1
| #define HAVE_OPENSSL 1
| #define HAVE_SYS_TIME_H 1
| #define HAVE_SYS_RESOURCE_H 1
| #define HAVE_SYS_SEM_H 1
| #define HAVE_SYS_IPC_H 1
| #define HAVE_SETSID 1
| #define HAVE_KILLPG 1
| #define HAVE_UNISTD_H 1
| #define HAVE_SYSLOG 1
| #define HAVE_SYS_TIMES_H 1
| #define HAVE_TIMES 1
| /* end confdefs.h.  */
| /* Define kqueue to an innocuous variant, in case <limits.h> declares kqueue.
|    For example, HP-UX 11i <limits.h> declares gettimeofday.  */
| #define kqueue innocuous_kqueue
| 
| /* System header to define __stub macros and hopefully few prototypes,
|     which can conflict with char kqueue (); below.
|     Prefer <limits.h> to <assert.h> if __STDC__ is defined, since
|     <limits.h> exists even on freestanding compilers.  */
| 
| #ifdef __STDC__
| # include <limits.h>
| #else
| # include <assert.h>
| #endif
| 
| #undef kqueue
| 
| /* Override any GCC internal prototype to avoid an error.
|    Use char because int might match the return type of a GCC
|    builtin and then its argument prototype would still apply.  */
| #ifdef __cplusplus
| extern "C"
| #endif
| char kqueue ();
| /* The GNU C library defines this for functions which it implements
|     to always fail with ENOSYS.  Some functions are actually named
|     something starting with __ and the normal name is an alias.  */
| #if defined __stub_kqueue || defined __stub___kqueue
| choke me
| #endif
| 
| int
| main ()
| {
| return kqueue ();
|   ;
|   return 0;
| }
configure:26878: result: no
configure:26878: checking for port_create
configure:26878: gcc -std=gnu99 -o conftest   -pthread  -DLINUX -D_REENTRANT -D_GNU_SOURCE   conftest.c  >&5
/tmp/cc2Jk1zb.o: In function `main':
conftest.c:(.text+0xa): undefined reference to `port_create'
collect2: error: ld returned 1 exit status
configure:26878: $? = 1
configure: failed program was:
| /* confdefs.h */
| #define PACKAGE_NAME ""
| #define PACKAGE_TARNAME ""
| #define PACKAGE_VERSION ""
| #define PACKAGE_STRING ""
| #define PACKAGE_BUGREPORT ""
| #define PACKAGE_URL ""
| #define STDC_HEADERS 1
| #define HAVE_SYS_TYPES_H 1
| #define HAVE_SYS_STAT_H 1
| #define HAVE_STDLIB_H 1
| #define HAVE_STRING_H 1
| #define HAVE_MEMORY_H 1
| #define HAVE_STRINGS_H 1
| #define HAVE_INTTYPES_H 1
| #define HAVE_STDINT_H 1
| #define HAVE_UNISTD_H 1
| #define __EXTENSIONS__ 1
| #define _ALL_SOURCE 1
| #define _GNU_SOURCE 1
| #define _POSIX_PTHREAD_SEMANTICS 1
| #define _TANDEM_SOURCE 1
| #define STDC_HEADERS 1
| #define HAVE_STRING_H 1
| #define HAVE_LIMITS_H 1
| #define HAVE_UNISTD_H 1
| #define HAVE_SYS_SOCKET_H 1
| #define HAVE_PWD_H 1
| #define HAVE_GRP_H 1
| #define HAVE_STRINGS_H 1
| #define HAVE_SYS_PRCTL_H 1
| #define HAVE_SYS_SEM_H 1
| #define HAVE_SYS_WAIT_H 1
| #define HAVE_GETPWNAM 1
| #define HAVE_GETGRNAM 1
| #define HAVE_INITGROUPS 1
| #define HAVE_PRCTL 1
| #define HAVE_TIMEGM 1
| #define HAVE_GETPGID 1
| #define HAVE_FOPEN64 1
| #define HAVE_GETLOADAVG 1
| #define HAVE_GETTID 1
| #define HAVE_GMTOFF 1
| #define HAVE_SYS_TIMES_H 1
| #define HAVE_TIMES 1
| #define HAVE_OPENSSL_ENGINE_H 1
| #define HAVE_SSLEAY_VERSION 1
| #define HAVE_SSL_CTX_NEW 1
| #define HAVE_ENGINE_INIT 1
| #define HAVE_ENGINE_LOAD_BUILTIN_ENGINES 1
| #define HAVE_RAND_EGD 1
| #define HAVE_OPENSSL 1
| #define HAVE_SYS_TIME_H 1
| #define HAVE_SYS_RESOURCE_H 1
| #define HAVE_SYS_SEM_H 1
| #define HAVE_SYS_IPC_H 1
| #define HAVE_SETSID 1
| #define HAVE_KILLPG 1
| #define HAVE_UNISTD_H 1
| #define HAVE_SYSLOG 1
| #define HAVE_SYS_TIMES_H 1
| #define HAVE_TIMES 1
| /* end confdefs.h.  */
| /* Define port_create to an innocuous variant, in case <limits.h> declares port_create.
|    For example, HP-UX 11i <limits.h> declares gettimeofday.  */
| #define port_create innocuous_port_create
| 
| /* System header to define __stub macros and hopefully few prototypes,
|     which can conflict with char port_create (); below.
|     Prefer <limits.h> to <assert.h> if __STDC__ is defined, since
|     <limits.h> exists even on freestanding compilers.  */
| 
| #ifdef __STDC__
| # include <limits.h>
| #else
| # include <assert.h>
| #endif
| 
| #undef port_create
| 
| /* Override any GCC internal prototype to avoid an error.
|    Use char because int might match the return type of a GCC
|    builtin and then its argument prototype would still apply.  */
| #ifdef __cplusplus
| extern "C"
| #endif
| char port_create ();
| /* The GNU C library defines this for functions which it implements
|     to always fail with ENOSYS.  Some functions are actually named
|     something starting with __ and the normal name is an alias.  */
| #if defined __stub_port_create || defined __stub___port_create
| choke me
| #endif
| 
| int
| main ()
| {
| return port_create ();
|   ;
|   return 0;
| }
configure:26878: result: no
configure:26878: checking for epoll_create
configure:26878: gcc -std=gnu99 -o conftest   -pthread  -DLINUX -D_REENTRANT -D_GNU_SOURCE   conftest.c  >&5
configure:26878: $? = 0
configure:26878: result: yes
configure:26894: result: yes
configure:26961: checking if event MPM supports this platform
configure:26976: result: no - APR skiplist is not available
configure:26994: checking if mpmt_os2 MPM supports this platform
configure:27013: result: no
configure:27018: checking if prefork MPM supports this platform
configure:27024: result: yes
configure:27039: checking if WinNT MPM supports this platform
configure:27058: result: no
configure:27063: checking if worker MPM supports this platform
configure:27075: result: yes
configure:27925: checking whether to enable mod_lbmethod_byrequests
configure:27978: result: shared
configure:28059: checking whether to enable mod_lbmethod_bytraffic
configure:28112: result: shared
configure:28193: checking whether to enable mod_lbmethod_bybusyness
configure:28246: result: shared
configure:28327: checking whether to enable mod_lbmethod_heartbeat
configure:28380: result: shared
configure:28480: checking which MPM to use by default
configure:28506: result: worker - event is not supported
configure:28912: checking for pthread_kill
configure:28912: gcc -std=gnu99 -o conftest   -pthread  -DLINUX -D_REENTRANT -D_GNU_SOURCE   conftest.c  >&5
configure:28912: $? = 0
configure:28912: result: yes
configure:28947: checking whether to enable mod_unixd
configure:29000: result: shared
configure:29081: checking whether to enable mod_privileges
configure:29167: result: no
configure:29314: checking whether to enable mod_heartbeat
configure:29365: result: checking dependencies
configure:29378: checking whether to enable mod_heartbeat
configure:29388: result: shared (all)
configure:29469: checking whether to enable mod_heartmonitor
configure:29522: result: shared (all)
configure:29644: checking whether to enable mod_dav
configure:29697: result: shared (all)
configure:29838: checking whether to enable mod_status
configure:29891: result: shared
configure:29972: checking whether to enable mod_autoindex
configure:30025: result: shared
configure:30106: checking whether to enable mod_asis
configure:30159: result: shared (all)
configure:30240: checking whether to enable mod_info
configure:30293: result: shared (all)
configure:30374: checking whether to enable mod_suexec
configure:30441: result: no
configure:30538: checking whether to enable mod_cgid
configure:30589: result: checking dependencies
configure:30631: checking whether to enable mod_cgid
configure:30641: result: shared (all)
configure:30722: checking whether to enable mod_cgi
configure:30775: result: no
configure:31290: checking whether to enable mod_dav_fs
configure:31341: result: checking dependencies
configure:31354: checking whether to enable mod_dav_fs
configure:31364: result: shared (all)
configure:31488: checking whether to enable mod_dav_lock
configure:31539: result: checking dependencies
configure:31552: checking whether to enable mod_dav_lock
configure:31562: result: shared (all)
configure:31662: checking for extra modules
configure:31721: result: none
configure:31742: checking whether to enable mod_vhost_alias
configure:31795: result: shared
configure:31876: checking whether to enable mod_negotiation
configure:31929: result: shared (all)
configure:32010: checking whether to enable mod_dir
configure:32063: result: shared
configure:32144: checking whether to enable mod_imagemap
configure:32197: result: no
configure:32278: checking whether to enable mod_actions
configure:32331: result: shared (all)
configure:32412: checking whether to enable mod_speling
configure:32465: result: shared (all)
configure:32546: checking whether to enable mod_userdir
configure:32599: result: shared (all)
configure:32680: checking whether to enable mod_alias
configure:32733: result: shared
configure:32814: checking whether to enable mod_rewrite
configure:32867: result: shared (all)
configure:33380: 
configure:33382: Restore user-defined environment settings...
configure:33384: 
configure:33502: 
configure:33504: Construct makefiles and header files...
configure:33506: 
configure:33825: creating config_vars.mk
configure:34008: creating ./config.status

## ---------------------- ##
## Running config.status. ##
## ---------------------- ##

This file was extended by config.status, which was
generated by GNU Autoconf 2.69.  Invocation command line was

  CONFIG_FILES    = 
  CONFIG_HEADERS  = 
  CONFIG_LINKS    = 
  CONFIG_COMMANDS = 
  $ ./config.status 

on rn-infra-01.indpproj.com.br

config.status:1191: creating docs/conf/httpd.conf
config.status:1191: creating docs/conf/extra/httpd-autoindex.conf
config.status:1191: creating docs/conf/extra/httpd-dav.conf
config.status:1191: creating docs/conf/extra/httpd-default.conf
config.status:1191: creating docs/conf/extra/httpd-info.conf
config.status:1191: creating docs/conf/extra/httpd-languages.conf
config.status:1191: creating docs/conf/extra/httpd-manual.conf
config.status:1191: creating docs/conf/extra/httpd-mpm.conf
config.status:1191: creating docs/conf/extra/httpd-multilang-errordoc.conf
config.status:1191: creating docs/conf/extra/httpd-ssl.conf
config.status:1191: creating docs/conf/extra/httpd-userdir.conf
config.status:1191: creating docs/conf/extra/httpd-vhosts.conf
config.status:1191: creating docs/conf/extra/proxy-html.conf
config.status:1191: creating include/ap_config_layout.h
config.status:1191: creating support/apxs
config.status:1191: creating support/apachectl
config.status:1191: creating support/dbmmanage
config.status:1191: creating support/envvars-std
config.status:1191: creating support/log_server_status
config.status:1191: creating support/logresolve.pl
config.status:1191: creating support/phf_abuse_log.cgi
config.status:1191: creating support/split-logfile
config.status:1191: creating build/rules.mk
config.status:1191: creating build/pkg/pkginfo
config.status:1191: creating build/config_vars.sh
config.status:1191: creating include/ap_config_auto.h
config.status:1375: executing default commands

## ---------------- ##
## Cache variables. ##
## ---------------- ##

ac_cv_APR_HAS_LDAP=yes
ac_cv_build=x86_64-unknown-linux-gnu
ac_cv_c_compiler_gnu=yes
ac_cv_c_const=yes
ac_cv_define_APR_HAS_DSO=yes
ac_cv_define_APR_HAS_RANDOM=yes
ac_cv_define_APR_HAS_THREADS=yes
ac_cv_define_APR_HAVE_IPV6=yes
ac_cv_env_CC_set=
ac_cv_env_CC_value=
ac_cv_env_CFLAGS_set=
ac_cv_env_CFLAGS_value=
ac_cv_env_CPPFLAGS_set=
ac_cv_env_CPPFLAGS_value=
ac_cv_env_CPP_set=
ac_cv_env_CPP_value=
ac_cv_env_LDFLAGS_set=
ac_cv_env_LDFLAGS_value=
ac_cv_env_LIBS_set=
ac_cv_env_LIBS_value=
ac_cv_env_build_alias_set=
ac_cv_env_build_alias_value=
ac_cv_env_host_alias_set=
ac_cv_env_host_alias_value=
ac_cv_env_target_alias_set=
ac_cv_env_target_alias_value=
ac_cv_func_ENGINE_init=yes
ac_cv_func_ENGINE_load_builtin_engines=yes
ac_cv_func_RAND_egd=yes
ac_cv_func_SSL_CTX_new=yes
ac_cv_func_SSLeay_version=yes
ac_cv_func_bindprocessor=no
ac_cv_func_epoll_create=yes
ac_cv_func_fopen64=yes
ac_cv_func_getgrnam=yes
ac_cv_func_getloadavg=yes
ac_cv_func_getpgid=yes
ac_cv_func_getpwnam=yes
ac_cv_func_initgroups=yes
ac_cv_func_killpg=yes
ac_cv_func_kqueue=no
ac_cv_func_port_create=no
ac_cv_func_prctl=yes
ac_cv_func_pthread_kill=yes
ac_cv_func_setsid=yes
ac_cv_func_syslog=yes
ac_cv_func_timegm=yes
ac_cv_func_times=yes
ac_cv_gettid=yes
ac_cv_have_decl_CMSG_DATA=yes
ac_cv_have_threadsafe_pollset=yes
ac_cv_header_bstring_h=no
ac_cv_header_grp_h=yes
ac_cv_header_inttypes_h=yes
ac_cv_header_limits_h=yes
ac_cv_header_memory_h=yes
ac_cv_header_minix_config_h=no
ac_cv_header_openssl_engine_h=yes
ac_cv_header_pwd_h=yes
ac_cv_header_stdc=yes
ac_cv_header_stdint_h=yes
ac_cv_header_stdlib_h=yes
ac_cv_header_string_h=yes
ac_cv_header_strings_h=yes
ac_cv_header_sys_ipc_h=yes
ac_cv_header_sys_loadavg_h=no
ac_cv_header_sys_prctl_h=yes
ac_cv_header_sys_processor_h=no
ac_cv_header_sys_resource_h=yes
ac_cv_header_sys_sdt_h=no
ac_cv_header_sys_sem_h=yes
ac_cv_header_sys_socket_h=yes
ac_cv_header_sys_stat_h=yes
ac_cv_header_sys_time_h=yes
ac_cv_header_sys_times_h=yes
ac_cv_header_sys_types_h=yes
ac_cv_header_sys_wait_h=yes
ac_cv_header_unistd_h=yes
ac_cv_host=x86_64-unknown-linux-gnu
ac_cv_lib_m_pow=yes
ac_cv_lib_m_sqrt=yes
ac_cv_libxml2=yes
ac_cv_mkdir_p=yes
ac_cv_nghttp2=no
ac_cv_objext=o
ac_cv_openssl=yes
ac_cv_path_EGREP='/usr/bin/grep -E'
ac_cv_path_GREP=/usr/bin/grep
ac_cv_path_PCRE_CONFIG=/usr/local/bin/pcre-config
ac_cv_path_PKGCONFIG=/usr/bin/pkg-config
ac_cv_path_RM=/usr/bin/rm
ac_cv_path_RSYNC=/usr/bin/rsync
ac_cv_prog_AWK=gawk
ac_cv_prog_CPP='gcc -E'
ac_cv_prog_ac_ct_CC=gcc
ac_cv_prog_ac_ct_RANLIB=ranlib
ac_cv_prog_cc_c89=
ac_cv_prog_cc_c99=-std=gnu99
ac_cv_prog_cc_g=yes
ac_cv_safe_to_define___extensions__=yes
ac_cv_search_crypt=-lcrypt
ac_cv_search_sqrt=-lm
ac_cv_search_strerror='none required'
ac_cv_struct_tm_gmtoff=yes
ac_cv_target=x86_64-unknown-linux-gnu
ac_cv_type_rlim_t=yes
ap_cv_aprver13=yes
ap_cv_apuver13=yes
ap_cv_void_ptr_lt_long=no
ap_cv_zlib=/usr

## ----------------- ##
## Output variables. ##
## ----------------- ##

APACHECTL_ULIMIT='ulimit -S -n `ulimit -H -n`'
APR_BINDIR='/usr/bin'
APR_CONFIG='/usr/bin/apr-1-config'
APR_INCLUDEDIR='/usr/include/apr-1'
APR_VERSION='1.4.8'
APU_BINDIR='/usr/bin'
APU_CONFIG='/usr/bin/apu-1-config'
APU_INCLUDEDIR='/usr/include/apr-1'
APU_VERSION='1.5.2'
AP_BUILD_SRCLIB_DIRS=''
AP_CLEAN_SRCLIB_DIRS=''
AP_LIBS='$(MOD_SO_LDADD) $(MOD_HTTP_LDADD)  /usr/lib64/libaprutil-1.la  -ldb-5.3   -lexpat -ldb-5.3    /usr/lib64/libapr-1.la  -lpthread -ldl'
AWK='gawk'
BUILTIN_LIBS=' modules/core/libmod_so.la modules/http/libmod_http.la'
CC='gcc -std=gnu99'
CFLAGS=''
CORE_IMPLIB=''
CORE_IMPLIB_FILE=''
CPP='gcc -E'
CPPFLAGS=''
CRYPT_LIBS='-lcrypt '
CXX=''
CXXFLAGS=''
DEFS='-DHAVE_CONFIG_H'
DSO_MODULES=' authn_file authn_dbm authn_anon authn_dbd authn_socache authn_core authz_host authz_groupfile authz_user authz_dbm authz_owner authz_dbd authz_core authnz_ldap access_compat auth_basic auth_form auth_digest allowmethods file_cache cache cache_disk cache_socache socache_shmcb socache_dbm socache_memcache watchdog macro dbd dumpio echo buffer data ratelimit reqtimeout ext_filter request include filter reflector substitute sed charset_lite deflate xml2enc proxy_html mime ldap log_config log_debug log_forensic logio env mime_magic expires headers usertrack unique_id setenvif version remoteip proxy proxy_connect proxy_ftp proxy_http proxy_fcgi proxy_scgi proxy_fdpass proxy_wstunnel proxy_ajp proxy_balancer proxy_express session session_cookie session_crypto session_dbd slotmem_shm slotmem_plain ssl dialup lbmethod_byrequests lbmethod_bytraffic lbmethod_bybusyness lbmethod_heartbeat unixd heartbeat heartmonitor dav status autoindex asis info cgid dav_fs dav_lock vhost_alias negotiation dir actions speling userdir alias rewrite'
DTRACE='true'
ECHO_C=''
ECHO_N='-n'
ECHO_T=''
EGREP='/usr/bin/grep -E'
ENABLED_DSO_MODULES=',authn_file,authn_core,authz_host,authz_groupfile,authz_user,authz_core,access_compat,auth_basic,reqtimeout,filter,mime,log_config,env,headers,setenvif,version,proxy,proxy_connect,proxy_ftp,proxy_http,proxy_fcgi,proxy_scgi,proxy_wstunnel,proxy_ajp,proxy_balancer,proxy_express,lbmethod_byrequests,lbmethod_bytraffic,lbmethod_bybusyness,lbmethod_heartbeat,unixd,status,autoindex,dir,alias'
EXEEXT=''
EXTRA_CFLAGS='  -pthread'
EXTRA_CPPFLAGS=' -DLINUX -D_REENTRANT -D_GNU_SOURCE'
EXTRA_CXXFLAGS=''
EXTRA_INCLUDES='-I. -I$(top_srcdir)/os/$(OS_DIR) -I$(top_srcdir)/include -I/usr/include/apr-1 -I/usr/local/pcre/include -I$(top_srcdir)/modules/aaa -I$(top_srcdir)/modules/cache -I$(top_srcdir)/modules/core -I$(top_srcdir)/modules/database -I$(top_srcdir)/modules/filters -I$(top_srcdir)/modules/ldap -I$(top_builddir)/server -I$(top_srcdir)/modules/loggers -I$(top_srcdir)/modules/lua -I$(top_srcdir)/modules/proxy -I$(top_srcdir)/modules/session -I$(top_srcdir)/modules/ssl -I$(top_srcdir)/modules/test -I$(top_srcdir)/server -I$(top_srcdir)/modules/arch/unix -I$(top_srcdir)/modules/dav/main -I$(top_srcdir)/modules/generators -I$(top_srcdir)/modules/mappers'
EXTRA_LDFLAGS=' '
EXTRA_LIBS=''
GREP='/usr/bin/grep'
HTTPD_LDFLAGS='-export-dynamic'
HTTPD_MMN='20120211'
HTTPD_VERSION='2.4.18'
INCLUDES=''
INSTALL='$(LIBTOOL) --mode=install $(abs_srcdir)/build/install.sh -c'
INSTALL_DSO='yes'
INSTALL_PROG_FLAGS=''
INTERNAL_CPPFLAGS=''
LDFLAGS=''
LIBOBJS=''
LIBS=''
LIBTOOL='/usr/lib64/apr-1/build/libtool $(LTFLAGS)'
LN_S='ln -s'
LOAD_ALL_MODULES='no'
LTCFLAGS='-prefer-non-pic -static'
LTFLAGS='--silent'
LTLIBOBJS=''
LT_LDFLAGS=''
LUA_CFLAGS=''
LUA_LIBS=''
LYNX_PATH='lynx'
MATH_LIBS='-lm '
MKDEP='$(CC) -MM'
MKINSTALLDIRS='$(abs_srcdir)/build/mkdir.sh'
MK_IMPLIB=''
MODULE_CLEANDIRS=' arch/win32 examples experimental http2 lua'
MODULE_DIRS=' aaa cache core database debugging echo filters http ldap loggers metadata proxy session slotmem ssl test proxy/balancers arch/unix cluster dav/main generators dav/fs dav/lock mappers'
MOD_ACCESS_COMPAT_LDADD=''
MOD_ACTIONS_LDADD=''
MOD_ALIAS_LDADD=''
MOD_ALLOWMETHODS_LDADD=''
MOD_ASIS_LDADD=''
MOD_AUTHNZ_FCGI_LDADD=''
MOD_AUTHNZ_LDAP_LDADD=' -lldap_r  -llber'
MOD_AUTHN_ANON_LDADD=''
MOD_AUTHN_CORE_LDADD=''
MOD_AUTHN_DBD_LDADD=''
MOD_AUTHN_DBM_LDADD=''
MOD_AUTHN_FILE_LDADD=''
MOD_AUTHN_SOCACHE_LDADD=''
MOD_AUTHZ_CORE_LDADD=''
MOD_AUTHZ_DBD_LDADD=''
MOD_AUTHZ_DBM_LDADD=''
MOD_AUTHZ_GROUPFILE_LDADD=''
MOD_AUTHZ_HOST_LDADD=''
MOD_AUTHZ_OWNER_LDADD=''
MOD_AUTHZ_USER_LDADD=''
MOD_AUTH_BASIC_LDADD=''
MOD_AUTH_DIGEST_LDADD=''
MOD_AUTH_FORM_LDADD=''
MOD_AUTOINDEX_LDADD=''
MOD_BUCKETEER_LDADD=''
MOD_BUFFER_LDADD=''
MOD_CACHE_DISK_LDADD=''
MOD_CACHE_LDADD=''
MOD_CACHE_SOCACHE_LDADD=''
MOD_CASE_FILTER_IN_LDADD=''
MOD_CASE_FILTER_LDADD=''
MOD_CERN_META_LDADD=''
MOD_CGID_LDADD=''
MOD_CGI_LDADD=''
MOD_CHARSET_LITE_LDADD=''
MOD_DATA_LDADD=''
MOD_DAV_FS_LDADD=''
MOD_DAV_LDADD=''
MOD_DAV_LOCK_LDADD=''
MOD_DBD_LDADD=''
MOD_DEFLATE_LDADD=' -lz'
MOD_DIALUP_LDADD=''
MOD_DIR_LDADD=''
MOD_DUMPIO_LDADD=''
MOD_ECHO_LDADD=''
MOD_ENV_LDADD=''
MOD_EXAMPLE_HOOKS_LDADD=''
MOD_EXAMPLE_IPC_LDADD=''
MOD_EXPIRES_LDADD=''
MOD_EXT_FILTER_LDADD=''
MOD_FILE_CACHE_LDADD=''
MOD_FILTER_LDADD=''
MOD_HEADERS_LDADD=''
MOD_HEARTBEAT_LDADD=''
MOD_HEARTMONITOR_LDADD=''
MOD_HTTP2_LDADD=''
MOD_HTTP_LDADD=''
MOD_IDENT_LDADD=''
MOD_IMAGEMAP_LDADD=''
MOD_INCLUDE_LDADD=''
MOD_INFO_LDADD=''
MOD_ISAPI_LDADD=''
MOD_LBMETHOD_BYBUSYNESS_LDADD=''
MOD_LBMETHOD_BYREQUESTS_LDADD=''
MOD_LBMETHOD_BYTRAFFIC_LDADD=''
MOD_LBMETHOD_HEARTBEAT_LDADD=''
MOD_LDAP_LDADD=' -lldap_r  -llber'
MOD_LOGIO_LDADD=''
MOD_LOG_CONFIG_LDADD=''
MOD_LOG_DEBUG_LDADD=''
MOD_LOG_FORENSIC_LDADD=''
MOD_LUA_LDADD=''
MOD_MACRO_LDADD=''
MOD_MIME_LDADD=''
MOD_MIME_MAGIC_LDADD=''
MOD_MPM_EVENT_LDADD=''
MOD_NEGOTIATION_LDADD=''
MOD_OPTIONAL_FN_EXPORT_LDADD=''
MOD_OPTIONAL_FN_IMPORT_LDADD=''
MOD_OPTIONAL_HOOK_EXPORT_LDADD=''
MOD_OPTIONAL_HOOK_IMPORT_LDADD=''
MOD_PRIVILEGES_LDADD=''
MOD_PROXY_AJP_LDADD=''
MOD_PROXY_BALANCER_LDADD=''
MOD_PROXY_CONNECT_LDADD=''
MOD_PROXY_EXPRESS_LDADD=''
MOD_PROXY_FCGI_LDADD=''
MOD_PROXY_FDPASS_LDADD=''
MOD_PROXY_FTP_LDADD=''
MOD_PROXY_HTML_LDADD='-lxml2'
MOD_PROXY_HTTP_LDADD=''
MOD_PROXY_LDADD=''
MOD_PROXY_SCGI_LDADD=''
MOD_PROXY_WSTUNNEL_LDADD=''
MOD_RATELIMIT_LDADD=''
MOD_REFLECTOR_LDADD=''
MOD_REMOTEIP_LDADD=''
MOD_REQTIMEOUT_LDADD=''
MOD_REQUEST_LDADD=''
MOD_REWRITE_LDADD=''
MOD_SED_LDADD='-export-symbols-regex sed_module'
MOD_SESSION_COOKIE_LDADD=''
MOD_SESSION_CRYPTO_LDADD=''
MOD_SESSION_DBD_LDADD=''
MOD_SESSION_LDADD=''
MOD_SETENVIF_LDADD=''
MOD_SLOTMEM_PLAIN_LDADD=''
MOD_SLOTMEM_SHM_LDADD=''
MOD_SOCACHE_DBM_LDADD=''
MOD_SOCACHE_DC_LDADD=''
MOD_SOCACHE_MEMCACHE_LDADD=''
MOD_SOCACHE_SHMCB_LDADD=''
MOD_SO_ENABLED='yes'
MOD_SO_LDADD=''
MOD_SPELING_LDADD=''
MOD_SSL_LDADD='-export-symbols-regex ssl_module'
MOD_STATUS_LDADD=''
MOD_SUBSTITUTE_LDADD=''
MOD_SUEXEC_LDADD=''
MOD_UNIQUE_ID_LDADD=''
MOD_UNIXD_LDADD=''
MOD_USERDIR_LDADD=''
MOD_USERTRACK_LDADD=''
MOD_VERSION_LDADD=''
MOD_VHOST_ALIAS_LDADD=''
MOD_WATCHDOG_LDADD=''
MOD_XML2ENC_LDADD='-lxml2'
MPM_LIB='server/mpm/worker/libworker.la'
MPM_SUBDIRS=' worker '
NONPORTABLE_SUPPORT='checkgid fcgistarter'
NOTEST_CFLAGS=''
NOTEST_CPPFLAGS=''
NOTEST_CXXFLAGS=''
NOTEST_LDFLAGS=''
NOTEST_LIBS=''
OBJEXT='o'
OS='unix'
OS_DIR='unix'
OS_SPECIFIC_VARS=''
PACKAGE_BUGREPORT=''
PACKAGE_NAME=''
PACKAGE_STRING=''
PACKAGE_TARNAME=''
PACKAGE_URL=''
PACKAGE_VERSION=''
PATH_SEPARATOR=':'
PCRE_CONFIG='/usr/local/pcre/bin/pcre-config'
PCRE_LIBS='-L/usr/local/pcre/lib -lpcre'
PICFLAGS=''
PILDFLAGS=''
PKGCONFIG='/usr/bin/pkg-config'
PORT='80'
POST_SHARED_CMDS='echo ""'
PRE_SHARED_CMDS='echo ""'
RANLIB='ranlib'
RM='/usr/bin/rm'
RSYNC='/usr/bin/rsync'
SHELL='/bin/sh'
SHLIBPATH_VAR='LD_LIBRARY_PATH'
SHLTCFLAGS='-prefer-pic'
SH_LDFLAGS=''
SH_LIBS=''
SH_LIBTOOL='$(LIBTOOL)'
SSLPORT='443'
UTIL_LDFLAGS=''
ab_CFLAGS=' '
ab_LDFLAGS='  -lssl -lcrypto -lpthread -ldl'
ab_LTFLAGS=''
abs_srcdir='/usr/local/src/httpd-2.4.18'
ac_ct_CC='gcc'
ap_make_delimiter=' '
ap_make_include='include'
bindir='${exec_prefix}/bin'
build='x86_64-unknown-linux-gnu'
build_alias=''
build_cpu='x86_64'
build_os='linux-gnu'
build_vendor='unknown'
cgidir='${datadir}/cgi-bin'
checkgid_LTFLAGS=''
datadir='${prefix}'
datarootdir='${prefix}/share'
docdir='${datarootdir}/doc/${PACKAGE}'
dvidir='${docdir}'
errordir='${datadir}/error'
exec_prefix='${prefix}'
exp_bindir='/usr/local/apache2/bin'
exp_cgidir='/usr/local/apache2/cgi-bin'
exp_datadir='/usr/local/apache2'
exp_errordir='/usr/local/apache2/error'
exp_exec_prefix='/usr/local/apache2'
exp_htdocsdir='/usr/local/apache2/htdocs'
exp_iconsdir='/usr/local/apache2/icons'
exp_includedir='/usr/local/apache2/include'
exp_installbuilddir='/usr/local/apache2/build'
exp_libdir='/usr/local/apache2/lib'
exp_libexecdir='/usr/local/apache2/modules'
exp_localstatedir='/usr/local/apache2'
exp_logfiledir='/usr/local/apache2/logs'
exp_mandir='/usr/local/apache2/man'
exp_manualdir='/usr/local/apache2/manual'
exp_proxycachedir='/usr/local/apache2/proxy'
exp_runtimedir='/usr/local/apache2/logs'
exp_sbindir='/usr/local/apache2/bin'
exp_sysconfdir='/usr/local/apache2/conf'
fcgistarter_LTFLAGS=''
host='x86_64-unknown-linux-gnu'
host_alias=''
host_cpu='x86_64'
host_os='linux-gnu'
host_vendor='unknown'
htcacheclean_LTFLAGS=''
htdbm_LTFLAGS=''
htdigest_LTFLAGS=''
htdocsdir='${datadir}/htdocs'
htmldir='${docdir}'
htpasswd_LTFLAGS=''
httxt2dbm_LTFLAGS=''
iconsdir='${datadir}/icons'
includedir='${prefix}/include'
infodir='${datarootdir}/info'
installbuilddir='${datadir}/build'
libdir='${exec_prefix}/lib'
libexecdir='${exec_prefix}/modules'
localedir='${datarootdir}/locale'
localstatedir='${prefix}'
logfiledir='${localstatedir}/logs'
logresolve_LTFLAGS=''
mandir='${prefix}/man'
manualdir='${datadir}/manual'
oldincludedir='/usr/include'
other_targets=''
pdfdir='${docdir}'
perlbin='/usr/bin/perl'
prefix='/usr/local/apache2'
progname='httpd'
program_transform_name='s,x,x,'
proxycachedir='${localstatedir}/proxy'
psdir='${docdir}'
rel_bindir='bin'
rel_cgidir='cgi-bin'
rel_datadir=''
rel_errordir='error'
rel_exec_prefix=''
rel_htdocsdir='htdocs'
rel_iconsdir='icons'
rel_includedir='include'
rel_installbuilddir='build'
rel_libdir='lib'
rel_libexecdir='modules'
rel_localstatedir=''
rel_logfiledir='logs'
rel_mandir='man'
rel_manualdir='manual'
rel_proxycachedir='proxy'
rel_runtimedir='logs'
rel_sbindir='bin'
rel_sysconfdir='conf'
rotatelogs_LTFLAGS=''
runtimedir='${localstatedir}/logs'
sbindir='${exec_prefix}/bin'
shared_build='shared-build'
sharedstatedir='${prefix}/com'
sysconfdir='${prefix}/conf'
target='x86_64-unknown-linux-gnu'
target_alias=''
target_cpu='x86_64'
target_os='linux-gnu'
target_vendor='unknown'

## ----------- ##
## confdefs.h. ##
## ----------- ##

/* confdefs.h */
#define PACKAGE_NAME ""
#define PACKAGE_TARNAME ""
#define PACKAGE_VERSION ""
#define PACKAGE_STRING ""
#define PACKAGE_BUGREPORT ""
#define PACKAGE_URL ""
#define STDC_HEADERS 1
#define HAVE_SYS_TYPES_H 1
#define HAVE_SYS_STAT_H 1
#define HAVE_STDLIB_H 1
#define HAVE_STRING_H 1
#define HAVE_MEMORY_H 1
#define HAVE_STRINGS_H 1
#define HAVE_INTTYPES_H 1
#define HAVE_STDINT_H 1
#define HAVE_UNISTD_H 1
#define __EXTENSIONS__ 1
#define _ALL_SOURCE 1
#define _GNU_SOURCE 1
#define _POSIX_PTHREAD_SEMANTICS 1
#define _TANDEM_SOURCE 1
#define STDC_HEADERS 1
#define HAVE_STRING_H 1
#define HAVE_LIMITS_H 1
#define HAVE_UNISTD_H 1
#define HAVE_SYS_SOCKET_H 1
#define HAVE_PWD_H 1
#define HAVE_GRP_H 1
#define HAVE_STRINGS_H 1
#define HAVE_SYS_PRCTL_H 1
#define HAVE_SYS_SEM_H 1
#define HAVE_SYS_WAIT_H 1
#define HAVE_GETPWNAM 1
#define HAVE_GETGRNAM 1
#define HAVE_INITGROUPS 1
#define HAVE_PRCTL 1
#define HAVE_TIMEGM 1
#define HAVE_GETPGID 1
#define HAVE_FOPEN64 1
#define HAVE_GETLOADAVG 1
#define HAVE_GETTID 1
#define HAVE_GMTOFF 1
#define HAVE_SYS_TIMES_H 1
#define HAVE_TIMES 1
#define HAVE_OPENSSL_ENGINE_H 1
#define HAVE_SSLEAY_VERSION 1
#define HAVE_SSL_CTX_NEW 1
#define HAVE_ENGINE_INIT 1
#define HAVE_ENGINE_LOAD_BUILTIN_ENGINES 1
#define HAVE_RAND_EGD 1
#define HAVE_OPENSSL 1
#define HAVE_SYS_TIME_H 1
#define HAVE_SYS_RESOURCE_H 1
#define HAVE_SYS_SEM_H 1
#define HAVE_SYS_IPC_H 1
#define HAVE_SETSID 1
#define HAVE_KILLPG 1
#define HAVE_UNISTD_H 1
#define HAVE_SYSLOG 1
#define HAVE_SYS_TIMES_H 1
#define HAVE_TIMES 1
#define HAVE_EPOLL_CREATE 1
#define HAVE_PTHREAD_KILL 1
#define AP_USING_AUTOCONF 1
#define SINGLE_LISTEN_UNSERIALIZED_ACCEPT 1
#define AP_NONBLOCK_WHEN_MULTI_LISTEN 1
#define AP_ENABLE_V4_MAPPED 1
#define HTTPD_ROOT "/usr/local/apache2"
#define SERVER_CONFIG_FILE "conf/httpd.conf"
#define AP_TYPES_CONFIG_FILE "conf/mime.types"

configure: exit 0
